2025-06-14 10:21:38,561 - INFO - Log file trimmed to 1000 lines
2025-06-14 10:21:39,579 - INFO - Log file trimmed to 1000 lines
2025-06-14 10:21:40,596 - INFO - Log file trimmed to 1000 lines
2025-06-14 10:21:41,627 - INFO - Log file trimmed to 1000 lines
2025-06-14 10:21:42,647 - INFO - Log file trimmed to 1000 lines
2025-06-14 10:21:43,667 - INFO - Log file trimmed to 1000 lines
2025-06-14 10:21:44,685 - INFO - Log file trimmed to 1000 lines
2025-06-14 10:21:45,714 - INFO - Log file trimmed to 1000 lines
2025-06-14 10:21:46,732 - INFO - Log file trimmed to 1000 lines
2025-06-14 10:21:47,749 - INFO - Log file trimmed to 1000 lines
2025-06-14 10:21:48,766 - INFO - Log file trimmed to 1000 lines
2025-06-14 10:21:49,783 - INFO - Log file trimmed to 1000 lines
2025-06-14 10:21:50,799 - INFO - Log file trimmed to 1000 lines
2025-06-14 10:21:51,816 - INFO - Log file trimmed to 1000 lines
2025-06-14 10:21:52,833 - INFO - Log file trimmed to 1000 lines
2025-06-14 10:21:53,850 - INFO - Log file trimmed to 1000 lines
2025-06-14 10:21:54,867 - INFO - Log file trimmed to 1000 lines
2025-06-14 10:21:55,887 - INFO - Log file trimmed to 1000 lines
2025-06-14 10:21:56,905 - INFO - Log file trimmed to 1000 lines
2025-06-14 10:21:57,931 - INFO - Log file trimmed to 1000 lines
2025-06-14 10:21:58,948 - INFO - Log file trimmed to 1000 lines
2025-06-14 10:21:59,964 - INFO - Log file trimmed to 1000 lines
2025-06-14 10:22:00,983 - INFO - Log file trimmed to 1000 lines
2025-06-14 10:22:01,999 - INFO - Log file trimmed to 1000 lines
2025-06-14 10:22:03,017 - INFO - Log file trimmed to 1000 lines
2025-06-14 10:22:04,033 - INFO - Log file trimmed to 1000 lines
2025-06-14 10:22:05,050 - INFO - Log file trimmed to 1000 lines
2025-06-14 10:22:06,060 - INFO - Log file trimmed to 1000 lines
2025-06-14 10:22:07,079 - INFO - Log file trimmed to 1000 lines
2025-06-14 10:22:08,096 - INFO - Log file trimmed to 1000 lines
2025-06-14 10:22:09,118 - INFO - Log file trimmed to 1000 lines
2025-06-14 10:22:10,137 - INFO - Log file trimmed to 1000 lines
2025-06-14 10:22:11,156 - INFO - Log file trimmed to 1000 lines
2025-06-14 10:22:12,176 - INFO - Log file trimmed to 1000 lines
2025-06-14 10:22:13,194 - INFO - Log file trimmed to 1000 lines
2025-06-14 10:22:14,212 - INFO - Log file trimmed to 1000 lines
2025-06-14 10:22:15,234 - INFO - Log file trimmed to 1000 lines
2025-06-14 10:22:16,252 - INFO - Log file trimmed to 1000 lines
2025-06-14 10:22:17,271 - INFO - Log file trimmed to 1000 lines
2025-06-14 10:22:18,291 - INFO - Log file trimmed to 1000 lines
2025-06-14 10:22:19,308 - INFO - Log file trimmed to 1000 lines
2025-06-14 10:22:20,328 - INFO - Log file trimmed to 1000 lines
2025-06-14 10:22:21,341 - INFO - Log file trimmed to 1000 lines
2025-06-14 10:22:22,359 - INFO - Log file trimmed to 1000 lines
2025-06-14 10:22:23,370 - INFO - Log file trimmed to 1000 lines
2025-06-14 10:22:24,399 - INFO - Log file trimmed to 1000 lines
2025-06-14 10:22:25,410 - INFO - Log file trimmed to 1000 lines
2025-06-14 10:22:26,427 - INFO - Log file trimmed to 1000 lines
2025-06-14 10:22:27,449 - INFO - Log file trimmed to 1000 lines
2025-06-14 10:22:28,467 - INFO - Log file trimmed to 1000 lines
2025-06-14 10:22:29,479 - INFO - Log file trimmed to 1000 lines
2025-06-14 10:22:30,499 - INFO - Log file trimmed to 1000 lines
2025-06-14 10:22:31,518 - INFO - Log file trimmed to 1000 lines
2025-06-14 10:22:32,536 - INFO - Log file trimmed to 1000 lines
2025-06-14 10:22:33,554 - INFO - Log file trimmed to 1000 lines
2025-06-14 10:22:34,570 - INFO - Log file trimmed to 1000 lines
2025-06-14 10:22:35,588 - INFO - Log file trimmed to 1000 lines
2025-06-14 10:22:36,606 - INFO - Log file trimmed to 1000 lines
2025-06-14 10:22:37,624 - INFO - Log file trimmed to 1000 lines
2025-06-14 10:22:38,641 - INFO - Log file trimmed to 1000 lines
2025-06-14 10:22:39,659 - INFO - Log file trimmed to 1000 lines
2025-06-14 10:22:40,678 - INFO - Log file trimmed to 1000 lines
2025-06-14 10:22:41,700 - INFO - Log file trimmed to 1000 lines
2025-06-14 10:22:42,727 - INFO - Log file trimmed to 1000 lines
2025-06-14 10:22:43,755 - INFO - Log file trimmed to 1000 lines
2025-06-14 10:22:44,767 - INFO - Log file trimmed to 1000 lines
2025-06-14 10:22:45,783 - INFO - Log file trimmed to 1000 lines
2025-06-14 10:22:46,794 - INFO - Log file trimmed to 1000 lines
2025-06-14 10:22:47,807 - INFO - Log file trimmed to 1000 lines
2025-06-14 10:22:48,823 - INFO - Log file trimmed to 1000 lines
2025-06-14 10:22:49,843 - INFO - Log file trimmed to 1000 lines
2025-06-14 10:22:50,891 - INFO - Log file trimmed to 1000 lines
2025-06-14 10:22:51,911 - INFO - Log file trimmed to 1000 lines
2025-06-14 10:22:52,930 - INFO - Log file trimmed to 1000 lines
2025-06-14 10:22:53,949 - INFO - Log file trimmed to 1000 lines
2025-06-14 10:22:54,960 - INFO - Log file trimmed to 1000 lines
2025-06-14 10:22:55,980 - INFO - Log file trimmed to 1000 lines
2025-06-14 10:22:56,999 - INFO - Log file trimmed to 1000 lines
2025-06-14 10:22:58,016 - INFO - Log file trimmed to 1000 lines
2025-06-14 10:22:59,035 - INFO - Log file trimmed to 1000 lines
2025-06-14 10:23:00,053 - INFO - Log file trimmed to 1000 lines
2025-06-14 10:23:01,064 - INFO - Log file trimmed to 1000 lines
2025-06-14 10:23:02,083 - INFO - Log file trimmed to 1000 lines
2025-06-14 10:23:03,102 - INFO - Log file trimmed to 1000 lines
2025-06-14 10:23:04,120 - INFO - Log file trimmed to 1000 lines
2025-06-14 10:23:05,138 - INFO - Log file trimmed to 1000 lines
2025-06-14 10:23:06,159 - INFO - Log file trimmed to 1000 lines
2025-06-14 10:23:07,177 - INFO - Log file trimmed to 1000 lines
2025-06-14 10:23:08,188 - INFO - Log file trimmed to 1000 lines
2025-06-14 10:23:09,206 - INFO - Log file trimmed to 1000 lines
2025-06-14 10:23:10,218 - INFO - Log file trimmed to 1000 lines
2025-06-14 10:23:11,229 - INFO - Log file trimmed to 1000 lines
2025-06-14 10:23:12,247 - INFO - Log file trimmed to 1000 lines
2025-06-14 10:23:13,269 - INFO - Log file trimmed to 1000 lines
2025-06-14 10:23:14,289 - INFO - Log file trimmed to 1000 lines
2025-06-14 10:23:15,309 - INFO - Log file trimmed to 1000 lines
2025-06-14 10:23:16,329 - INFO - Log file trimmed to 1000 lines
2025-06-14 10:23:17,341 - INFO - Log file trimmed to 1000 lines
2025-06-14 10:23:18,358 - INFO - Log file trimmed to 1000 lines
2025-06-14 10:23:19,375 - INFO - Log file trimmed to 1000 lines
2025-06-14 10:23:20,394 - INFO - Log file trimmed to 1000 lines
2025-06-14 10:23:21,413 - INFO - Log file trimmed to 1000 lines
2025-06-14 10:23:22,432 - INFO - Log file trimmed to 1000 lines
2025-06-14 10:23:23,449 - INFO - Log file trimmed to 1000 lines
2025-06-14 10:23:24,467 - INFO - Log file trimmed to 1000 lines
2025-06-14 10:23:25,484 - INFO - Log file trimmed to 1000 lines
2025-06-14 10:23:26,494 - INFO - Log file trimmed to 1000 lines
2025-06-14 10:23:27,514 - INFO - Log file trimmed to 1000 lines
2025-06-14 10:23:28,535 - INFO - Log file trimmed to 1000 lines
2025-06-14 10:23:29,554 - INFO - Log file trimmed to 1000 lines
2025-06-14 10:23:30,571 - INFO - Log file trimmed to 1000 lines
2025-06-14 10:23:31,589 - INFO - Log file trimmed to 1000 lines
2025-06-14 10:23:32,606 - INFO - Log file trimmed to 1000 lines
2025-06-14 10:23:33,627 - INFO - Log file trimmed to 1000 lines
2025-06-14 10:23:34,644 - INFO - Log file trimmed to 1000 lines
2025-06-14 10:23:35,657 - INFO - Log file trimmed to 1000 lines
2025-06-14 10:23:36,670 - INFO - Log file trimmed to 1000 lines
2025-06-14 10:23:37,690 - INFO - Log file trimmed to 1000 lines
2025-06-14 10:23:38,709 - INFO - Log file trimmed to 1000 lines
2025-06-14 10:23:39,729 - INFO - Log file trimmed to 1000 lines
2025-06-14 10:23:40,750 - INFO - Log file trimmed to 1000 lines
2025-06-14 10:23:41,770 - INFO - Log file trimmed to 1000 lines
2025-06-14 10:23:42,799 - INFO - Log file trimmed to 1000 lines
2025-06-14 10:23:43,810 - INFO - Log file trimmed to 1000 lines
2025-06-14 10:23:44,823 - INFO - Log file trimmed to 1000 lines
2025-06-14 10:23:45,840 - INFO - Log file trimmed to 1000 lines
2025-06-14 10:23:46,859 - INFO - Log file trimmed to 1000 lines
2025-06-14 10:23:47,877 - INFO - Log file trimmed to 1000 lines
2025-06-14 10:23:48,896 - INFO - Log file trimmed to 1000 lines
2025-06-14 10:23:49,917 - INFO - Log file trimmed to 1000 lines
2025-06-14 10:23:50,935 - INFO - Log file trimmed to 1000 lines
2025-06-14 10:23:51,953 - INFO - Log file trimmed to 1000 lines
2025-06-14 10:23:52,973 - INFO - Log file trimmed to 1000 lines
2025-06-14 10:23:53,992 - INFO - Log file trimmed to 1000 lines
2025-06-14 10:23:55,008 - INFO - Log file trimmed to 1000 lines
2025-06-14 10:23:56,028 - INFO - Log file trimmed to 1000 lines
2025-06-14 10:23:57,044 - INFO - Log file trimmed to 1000 lines
2025-06-14 10:23:58,056 - INFO - Log file trimmed to 1000 lines
2025-06-14 10:23:59,075 - INFO - Log file trimmed to 1000 lines
2025-06-14 10:24:00,092 - INFO - Log file trimmed to 1000 lines
2025-06-14 10:24:01,109 - INFO - Log file trimmed to 1000 lines
2025-06-14 10:24:02,126 - INFO - Log file trimmed to 1000 lines
2025-06-14 10:24:03,145 - INFO - Log file trimmed to 1000 lines
2025-06-14 10:24:04,165 - INFO - Log file trimmed to 1000 lines
2025-06-14 10:24:05,183 - INFO - Log file trimmed to 1000 lines
2025-06-14 10:24:06,202 - INFO - Log file trimmed to 1000 lines
2025-06-14 10:24:07,214 - INFO - Log file trimmed to 1000 lines
2025-06-14 10:24:08,232 - INFO - Log file trimmed to 1000 lines
2025-06-14 10:24:09,252 - INFO - Log file trimmed to 1000 lines
2025-06-14 10:24:10,272 - INFO - Log file trimmed to 1000 lines
2025-06-14 10:24:11,290 - INFO - Log file trimmed to 1000 lines
2025-06-14 10:24:12,311 - INFO - Log file trimmed to 1000 lines
2025-06-14 10:24:13,328 - INFO - Log file trimmed to 1000 lines
2025-06-14 10:24:14,346 - INFO - Log file trimmed to 1000 lines
2025-06-14 10:24:15,365 - INFO - Log file trimmed to 1000 lines
2025-06-14 10:24:16,382 - INFO - Log file trimmed to 1000 lines
2025-06-14 10:24:17,413 - INFO - Log file trimmed to 1000 lines
2025-06-14 10:24:18,433 - INFO - Log file trimmed to 1000 lines
2025-06-14 10:24:19,444 - INFO - Log file trimmed to 1000 lines
2025-06-14 10:24:20,472 - INFO - Log file trimmed to 1000 lines
2025-06-14 10:24:21,490 - INFO - Log file trimmed to 1000 lines
2025-06-14 10:24:22,508 - INFO - Log file trimmed to 1000 lines
2025-06-14 10:24:23,529 - INFO - Log file trimmed to 1000 lines
2025-06-14 10:24:24,546 - INFO - Log file trimmed to 1000 lines
2025-06-14 10:24:25,564 - INFO - Log file trimmed to 1000 lines
2025-06-14 10:24:26,582 - INFO - Log file trimmed to 1000 lines
2025-06-14 10:24:27,599 - INFO - Log file trimmed to 1000 lines
2025-06-14 10:24:28,611 - INFO - Log file trimmed to 1000 lines
2025-06-14 10:24:29,628 - INFO - Log file trimmed to 1000 lines
2025-06-14 10:24:30,646 - INFO - Log file trimmed to 1000 lines
2025-06-14 10:24:31,664 - INFO - Log file trimmed to 1000 lines
2025-06-14 10:24:32,677 - INFO - Log file trimmed to 1000 lines
2025-06-14 10:24:33,694 - INFO - Log file trimmed to 1000 lines
2025-06-14 10:24:34,706 - INFO - Log file trimmed to 1000 lines
2025-06-14 10:24:35,725 - INFO - Log file trimmed to 1000 lines
2025-06-14 10:24:36,742 - INFO - Log file trimmed to 1000 lines
2025-06-14 10:24:37,761 - INFO - Log file trimmed to 1000 lines
2025-06-14 10:24:38,781 - INFO - Log file trimmed to 1000 lines
2025-06-14 10:24:39,799 - INFO - Log file trimmed to 1000 lines
2025-06-14 10:24:40,818 - INFO - Log file trimmed to 1000 lines
2025-06-14 10:24:41,840 - INFO - Log file trimmed to 1000 lines
2025-06-14 10:24:42,851 - INFO - Log file trimmed to 1000 lines
2025-06-14 10:24:43,863 - INFO - Log file trimmed to 1000 lines
2025-06-14 10:24:44,884 - INFO - Log file trimmed to 1000 lines
2025-06-14 10:24:45,902 - INFO - Log file trimmed to 1000 lines
2025-06-14 10:24:46,920 - INFO - Log file trimmed to 1000 lines
2025-06-14 10:24:47,938 - INFO - Log file trimmed to 1000 lines
2025-06-14 10:24:48,949 - INFO - Log file trimmed to 1000 lines
2025-06-14 10:24:49,981 - INFO - Log file trimmed to 1000 lines
2025-06-14 10:24:50,998 - INFO - Log file trimmed to 1000 lines
2025-06-14 10:24:52,015 - INFO - Log file trimmed to 1000 lines
2025-06-14 10:24:53,033 - INFO - Log file trimmed to 1000 lines
2025-06-14 10:24:54,051 - INFO - Log file trimmed to 1000 lines
2025-06-14 10:24:55,068 - INFO - Log file trimmed to 1000 lines
2025-06-14 10:24:56,081 - INFO - Log file trimmed to 1000 lines
2025-06-14 10:24:57,099 - INFO - Log file trimmed to 1000 lines
2025-06-14 10:24:58,125 - INFO - Log file trimmed to 1000 lines
2025-06-14 10:24:59,143 - INFO - Log file trimmed to 1000 lines
2025-06-14 10:25:00,164 - INFO - Log file trimmed to 1000 lines
2025-06-14 10:25:01,180 - INFO - Log file trimmed to 1000 lines
2025-06-14 10:25:02,198 - INFO - Log file trimmed to 1000 lines
2025-06-14 10:25:03,210 - INFO - Log file trimmed to 1000 lines
2025-06-14 10:25:04,228 - INFO - Log file trimmed to 1000 lines
2025-06-14 10:25:05,255 - INFO - Log file trimmed to 1000 lines
2025-06-14 10:25:06,272 - INFO - Log file trimmed to 1000 lines
2025-06-14 10:25:07,291 - INFO - Log file trimmed to 1000 lines
2025-06-14 10:25:08,310 - INFO - Log file trimmed to 1000 lines
2025-06-14 10:25:09,330 - INFO - Log file trimmed to 1000 lines
2025-06-14 10:25:10,348 - INFO - Log file trimmed to 1000 lines
2025-06-14 10:25:11,366 - INFO - Log file trimmed to 1000 lines
2025-06-14 10:25:12,385 - INFO - Log file trimmed to 1000 lines
2025-06-14 10:25:13,403 - INFO - Log file trimmed to 1000 lines
2025-06-14 10:25:14,420 - INFO - Log file trimmed to 1000 lines
2025-06-14 10:25:15,448 - INFO - Log file trimmed to 1000 lines
2025-06-14 10:25:16,460 - INFO - Log file trimmed to 1000 lines
2025-06-14 10:25:17,470 - INFO - Log file trimmed to 1000 lines
2025-06-14 10:25:18,487 - INFO - Log file trimmed to 1000 lines
2025-06-14 10:25:19,505 - INFO - Log file trimmed to 1000 lines
2025-06-14 10:25:20,522 - INFO - Log file trimmed to 1000 lines
2025-06-14 10:25:21,539 - INFO - Log file trimmed to 1000 lines
2025-06-14 10:25:22,557 - INFO - Log file trimmed to 1000 lines
2025-06-14 10:25:23,574 - INFO - Log file trimmed to 1000 lines
2025-06-14 10:25:24,596 - INFO - Log file trimmed to 1000 lines
2025-06-14 10:25:25,613 - INFO - Log file trimmed to 1000 lines
2025-06-14 10:25:26,630 - INFO - Log file trimmed to 1000 lines
2025-06-14 10:25:27,648 - INFO - Log file trimmed to 1000 lines
2025-06-14 10:25:28,667 - INFO - Log file trimmed to 1000 lines
2025-06-14 10:25:29,685 - INFO - Log file trimmed to 1000 lines
2025-06-14 10:25:30,704 - INFO - Log file trimmed to 1000 lines
2025-06-14 10:25:31,716 - INFO - Log file trimmed to 1000 lines
2025-06-14 10:25:32,734 - INFO - Log file trimmed to 1000 lines
2025-06-14 10:25:33,752 - INFO - Log file trimmed to 1000 lines
2025-06-14 10:25:34,771 - INFO - Log file trimmed to 1000 lines
2025-06-14 10:25:35,789 - INFO - Log file trimmed to 1000 lines
2025-06-14 10:25:36,807 - INFO - Log file trimmed to 1000 lines
2025-06-14 10:25:37,827 - INFO - Log file trimmed to 1000 lines
2025-06-14 10:25:38,846 - INFO - Log file trimmed to 1000 lines
2025-06-14 10:25:39,864 - INFO - Log file trimmed to 1000 lines
2025-06-14 10:25:40,882 - INFO - Log file trimmed to 1000 lines
2025-06-14 10:25:41,901 - INFO - Log file trimmed to 1000 lines
2025-06-14 10:25:42,918 - INFO - Log file trimmed to 1000 lines
2025-06-14 10:25:43,937 - INFO - Log file trimmed to 1000 lines
2025-06-14 10:25:44,954 - INFO - Log file trimmed to 1000 lines
2025-06-14 10:25:45,970 - INFO - Log file trimmed to 1000 lines
2025-06-14 10:25:46,989 - INFO - Log file trimmed to 1000 lines
2025-06-14 10:25:48,009 - INFO - Log file trimmed to 1000 lines
2025-06-14 10:25:49,028 - INFO - Log file trimmed to 1000 lines
2025-06-14 10:25:50,046 - INFO - Log file trimmed to 1000 lines
2025-06-14 10:25:51,065 - INFO - Log file trimmed to 1000 lines
2025-06-14 10:25:52,095 - INFO - Log file trimmed to 1000 lines
2025-06-14 10:25:53,115 - INFO - Log file trimmed to 1000 lines
2025-06-14 10:25:54,132 - INFO - Log file trimmed to 1000 lines
2025-06-14 10:25:55,150 - INFO - Log file trimmed to 1000 lines
2025-06-14 10:25:56,165 - INFO - Log file trimmed to 1000 lines
2025-06-14 10:25:57,182 - INFO - Log file trimmed to 1000 lines
2025-06-14 10:25:58,199 - INFO - Log file trimmed to 1000 lines
2025-06-14 10:25:59,219 - INFO - Log file trimmed to 1000 lines
2025-06-14 10:26:00,238 - INFO - Log file trimmed to 1000 lines
2025-06-14 10:26:01,257 - INFO - Log file trimmed to 1000 lines
2025-06-14 10:26:02,275 - INFO - Log file trimmed to 1000 lines
2025-06-14 10:26:03,293 - INFO - Log file trimmed to 1000 lines
2025-06-14 10:26:04,311 - INFO - Log file trimmed to 1000 lines
2025-06-14 10:26:05,322 - INFO - Log file trimmed to 1000 lines
2025-06-14 10:26:06,340 - INFO - Log file trimmed to 1000 lines
2025-06-14 10:26:07,359 - INFO - Log file trimmed to 1000 lines
2025-06-14 10:26:08,376 - INFO - Log file trimmed to 1000 lines
2025-06-14 10:26:09,395 - INFO - Log file trimmed to 1000 lines
2025-06-14 10:26:10,413 - INFO - Log file trimmed to 1000 lines
2025-06-14 10:26:11,432 - INFO - Log file trimmed to 1000 lines
2025-06-14 10:26:12,443 - INFO - Log file trimmed to 1000 lines
2025-06-14 10:26:13,459 - INFO - Log file trimmed to 1000 lines
2025-06-14 10:26:14,476 - INFO - Log file trimmed to 1000 lines
2025-06-14 10:26:15,495 - INFO - Log file trimmed to 1000 lines
2025-06-14 10:26:16,517 - INFO - Log file trimmed to 1000 lines
2025-06-14 10:26:17,533 - INFO - Log file trimmed to 1000 lines
2025-06-14 10:26:18,543 - INFO - Log file trimmed to 1000 lines
2025-06-14 10:26:19,560 - INFO - Log file trimmed to 1000 lines
2025-06-14 10:26:20,586 - INFO - Log file trimmed to 1000 lines
2025-06-14 10:26:21,604 - INFO - Log file trimmed to 1000 lines
2025-06-14 10:26:22,617 - INFO - Log file trimmed to 1000 lines
2025-06-14 10:26:23,636 - INFO - Log file trimmed to 1000 lines
2025-06-14 10:26:24,655 - INFO - Log file trimmed to 1000 lines
2025-06-14 10:26:25,672 - INFO - Log file trimmed to 1000 lines
2025-06-14 10:26:26,695 - INFO - Log file trimmed to 1000 lines
2025-06-14 10:26:27,711 - INFO - Log file trimmed to 1000 lines
2025-06-14 10:26:28,729 - INFO - Log file trimmed to 1000 lines
2025-06-14 10:26:29,747 - INFO - Log file trimmed to 1000 lines
2025-06-14 10:26:30,766 - INFO - Log file trimmed to 1000 lines
2025-06-14 10:26:31,783 - INFO - Log file trimmed to 1000 lines
2025-06-14 10:26:32,799 - INFO - Log file trimmed to 1000 lines
2025-06-14 10:26:33,817 - INFO - Log file trimmed to 1000 lines
2025-06-14 10:26:34,833 - INFO - Log file trimmed to 1000 lines
2025-06-14 10:26:35,844 - INFO - Log file trimmed to 1000 lines
2025-06-14 10:26:36,860 - INFO - Log file trimmed to 1000 lines
2025-06-14 10:26:37,882 - INFO - Log file trimmed to 1000 lines
2025-06-14 10:26:38,900 - INFO - Log file trimmed to 1000 lines
2025-06-14 10:26:39,919 - INFO - Log file trimmed to 1000 lines
2025-06-14 10:26:40,937 - INFO - Log file trimmed to 1000 lines
2025-06-14 10:26:41,975 - INFO - Log file trimmed to 1000 lines
2025-06-14 10:26:42,989 - INFO - Log file trimmed to 1000 lines
2025-06-14 10:26:44,006 - INFO - Log file trimmed to 1000 lines
2025-06-14 10:26:45,025 - INFO - Log file trimmed to 1000 lines
2025-06-14 10:26:46,042 - INFO - Log file trimmed to 1000 lines
2025-06-14 10:26:47,063 - INFO - Log file trimmed to 1000 lines
2025-06-14 10:26:48,081 - INFO - Log file trimmed to 1000 lines
2025-06-14 10:26:49,098 - INFO - Log file trimmed to 1000 lines
2025-06-14 10:26:50,110 - INFO - Log file trimmed to 1000 lines
2025-06-14 10:26:51,128 - INFO - Log file trimmed to 1000 lines
2025-06-14 10:26:52,145 - INFO - Log file trimmed to 1000 lines
2025-06-14 10:26:53,163 - INFO - Log file trimmed to 1000 lines
2025-06-14 10:26:54,182 - INFO - Log file trimmed to 1000 lines
2025-06-14 10:26:55,212 - INFO - Log file trimmed to 1000 lines
2025-06-14 10:26:56,232 - INFO - Log file trimmed to 1000 lines
2025-06-14 10:26:57,252 - INFO - Log file trimmed to 1000 lines
2025-06-14 10:26:58,268 - INFO - Log file trimmed to 1000 lines
2025-06-14 10:26:59,286 - INFO - Log file trimmed to 1000 lines
2025-06-14 10:27:00,304 - INFO - Log file trimmed to 1000 lines
2025-06-14 10:27:01,326 - INFO - Log file trimmed to 1000 lines
2025-06-14 10:27:02,343 - INFO - Log file trimmed to 1000 lines
2025-06-14 10:27:03,356 - INFO - Log file trimmed to 1000 lines
2025-06-14 10:27:04,376 - INFO - Log file trimmed to 1000 lines
2025-06-14 10:27:05,394 - INFO - Log file trimmed to 1000 lines
2025-06-14 10:27:06,412 - INFO - Log file trimmed to 1000 lines
2025-06-14 10:27:07,422 - INFO - Log file trimmed to 1000 lines
2025-06-14 10:27:08,449 - INFO - Log file trimmed to 1000 lines
2025-06-14 10:27:09,469 - INFO - Log file trimmed to 1000 lines
2025-06-14 10:27:10,486 - INFO - Log file trimmed to 1000 lines
2025-06-14 10:27:11,503 - INFO - Log file trimmed to 1000 lines
2025-06-14 10:27:12,514 - INFO - Log file trimmed to 1000 lines
2025-06-14 10:27:13,532 - INFO - Log file trimmed to 1000 lines
2025-06-14 10:27:14,549 - INFO - Log file trimmed to 1000 lines
2025-06-14 10:27:15,567 - INFO - Log file trimmed to 1000 lines
2025-06-14 10:27:16,586 - INFO - Log file trimmed to 1000 lines
2025-06-14 10:27:17,605 - INFO - Log file trimmed to 1000 lines
2025-06-14 10:27:18,622 - INFO - Log file trimmed to 1000 lines
2025-06-14 10:27:19,638 - INFO - Log file trimmed to 1000 lines
2025-06-14 10:27:20,650 - INFO - Log file trimmed to 1000 lines
2025-06-14 10:27:21,668 - INFO - Log file trimmed to 1000 lines
2025-06-14 10:27:22,679 - INFO - Log file trimmed to 1000 lines
2025-06-14 10:27:23,697 - INFO - Log file trimmed to 1000 lines
2025-06-14 10:27:24,716 - INFO - Log file trimmed to 1000 lines
2025-06-14 10:27:25,735 - INFO - Log file trimmed to 1000 lines
2025-06-14 10:27:26,753 - INFO - Log file trimmed to 1000 lines
2025-06-14 10:27:27,780 - INFO - Log file trimmed to 1000 lines
2025-06-14 10:27:28,805 - INFO - Log file trimmed to 1000 lines
2025-06-14 10:27:29,826 - INFO - Log file trimmed to 1000 lines
2025-06-14 10:27:30,844 - INFO - Log file trimmed to 1000 lines
2025-06-14 10:27:31,863 - INFO - Log file trimmed to 1000 lines
2025-06-14 10:27:32,880 - INFO - Log file trimmed to 1000 lines
2025-06-14 10:27:33,899 - INFO - Log file trimmed to 1000 lines
2025-06-14 10:27:34,912 - INFO - Log file trimmed to 1000 lines
2025-06-14 10:27:35,930 - INFO - Log file trimmed to 1000 lines
2025-06-14 10:27:36,948 - INFO - Log file trimmed to 1000 lines
2025-06-14 10:27:37,965 - INFO - Log file trimmed to 1000 lines
2025-06-14 10:27:38,982 - INFO - Log file trimmed to 1000 lines
2025-06-14 10:27:40,001 - INFO - Log file trimmed to 1000 lines
2025-06-14 10:27:41,020 - INFO - Log file trimmed to 1000 lines
2025-06-14 10:27:42,032 - INFO - Log file trimmed to 1000 lines
2025-06-14 10:27:43,051 - INFO - Log file trimmed to 1000 lines
2025-06-14 10:27:44,069 - INFO - Log file trimmed to 1000 lines
2025-06-14 10:27:45,086 - INFO - Log file trimmed to 1000 lines
2025-06-14 10:27:46,109 - INFO - Log file trimmed to 1000 lines
2025-06-14 10:27:47,127 - INFO - Log file trimmed to 1000 lines
2025-06-14 10:27:48,143 - INFO - Log file trimmed to 1000 lines
2025-06-14 10:27:49,161 - INFO - Log file trimmed to 1000 lines
2025-06-14 10:27:50,178 - INFO - Log file trimmed to 1000 lines
2025-06-14 10:27:51,198 - INFO - Log file trimmed to 1000 lines
2025-06-14 10:27:52,209 - INFO - Log file trimmed to 1000 lines
2025-06-14 10:27:53,228 - INFO - Log file trimmed to 1000 lines
2025-06-14 10:27:54,246 - INFO - Log file trimmed to 1000 lines
2025-06-14 10:27:55,263 - INFO - Log file trimmed to 1000 lines
2025-06-14 10:27:56,277 - INFO - Log file trimmed to 1000 lines
2025-06-14 10:27:57,289 - INFO - Log file trimmed to 1000 lines
2025-06-14 10:27:58,309 - INFO - Log file trimmed to 1000 lines
2025-06-14 10:27:59,322 - INFO - Log file trimmed to 1000 lines
2025-06-14 10:28:00,339 - INFO - Log file trimmed to 1000 lines
2025-06-14 10:28:01,357 - INFO - Log file trimmed to 1000 lines
2025-06-14 10:28:02,374 - INFO - Log file trimmed to 1000 lines
2025-06-14 10:28:03,393 - INFO - Log file trimmed to 1000 lines
2025-06-14 10:28:04,411 - INFO - Log file trimmed to 1000 lines
2025-06-14 10:28:05,430 - INFO - Log file trimmed to 1000 lines
2025-06-14 10:28:06,448 - INFO - Log file trimmed to 1000 lines
2025-06-14 10:28:07,470 - INFO - Log file trimmed to 1000 lines
2025-06-14 10:28:08,489 - INFO - Log file trimmed to 1000 lines
2025-06-14 10:28:09,507 - INFO - Log file trimmed to 1000 lines
2025-06-14 10:28:10,524 - INFO - Log file trimmed to 1000 lines
2025-06-14 10:28:11,535 - INFO - Log file trimmed to 1000 lines
2025-06-14 10:28:12,552 - INFO - Log file trimmed to 1000 lines
2025-06-14 10:28:13,571 - INFO - Log file trimmed to 1000 lines
2025-06-14 10:28:14,582 - INFO - Log file trimmed to 1000 lines
2025-06-14 10:28:15,599 - INFO - Log file trimmed to 1000 lines
2025-06-14 10:28:16,616 - INFO - Log file trimmed to 1000 lines
2025-06-14 10:28:17,635 - INFO - Log file trimmed to 1000 lines
2025-06-14 10:28:18,653 - INFO - Log file trimmed to 1000 lines
2025-06-14 10:28:19,664 - INFO - Log file trimmed to 1000 lines
2025-06-14 10:28:20,682 - INFO - Log file trimmed to 1000 lines
2025-06-14 10:28:21,701 - INFO - Log file trimmed to 1000 lines
2025-06-14 10:28:22,717 - INFO - Log file trimmed to 1000 lines
2025-06-14 10:28:23,733 - INFO - Log file trimmed to 1000 lines
2025-06-14 10:28:24,749 - INFO - Log file trimmed to 1000 lines
2025-06-14 10:28:25,766 - INFO - Log file trimmed to 1000 lines
2025-06-14 10:28:26,784 - INFO - Log file trimmed to 1000 lines
2025-06-14 10:28:27,802 - INFO - Log file trimmed to 1000 lines
2025-06-14 10:28:28,820 - INFO - Log file trimmed to 1000 lines
2025-06-14 10:28:29,838 - INFO - Log file trimmed to 1000 lines
2025-06-14 10:28:30,849 - INFO - Log file trimmed to 1000 lines
2025-06-14 10:28:31,870 - INFO - Log file trimmed to 1000 lines
2025-06-14 10:28:32,888 - INFO - Log file trimmed to 1000 lines
2025-06-14 10:28:33,906 - INFO - Log file trimmed to 1000 lines
2025-06-14 10:28:34,917 - INFO - Log file trimmed to 1000 lines
2025-06-14 10:28:35,939 - INFO - Log file trimmed to 1000 lines
2025-06-14 10:28:36,956 - INFO - Log file trimmed to 1000 lines
2025-06-14 10:28:37,968 - INFO - Log file trimmed to 1000 lines
2025-06-14 10:28:38,990 - INFO - Log file trimmed to 1000 lines
2025-06-14 10:28:40,008 - INFO - Log file trimmed to 1000 lines
2025-06-14 10:28:41,051 - INFO - Log file trimmed to 1000 lines
2025-06-14 10:28:42,068 - INFO - Log file trimmed to 1000 lines
2025-06-14 10:28:43,080 - INFO - Log file trimmed to 1000 lines
2025-06-14 10:28:44,098 - INFO - Log file trimmed to 1000 lines
2025-06-14 10:28:45,116 - INFO - Log file trimmed to 1000 lines
2025-06-14 10:28:46,133 - INFO - Log file trimmed to 1000 lines
2025-06-14 10:28:47,151 - INFO - Log file trimmed to 1000 lines
2025-06-14 10:28:48,168 - INFO - Log file trimmed to 1000 lines
2025-06-14 10:28:49,185 - INFO - Log file trimmed to 1000 lines
2025-06-14 10:28:50,206 - INFO - Log file trimmed to 1000 lines
2025-06-14 10:28:51,225 - INFO - Log file trimmed to 1000 lines
2025-06-14 10:28:52,243 - INFO - Log file trimmed to 1000 lines
2025-06-14 10:28:53,261 - INFO - Log file trimmed to 1000 lines
2025-06-14 10:28:54,279 - INFO - Log file trimmed to 1000 lines
2025-06-14 10:28:55,296 - INFO - Log file trimmed to 1000 lines
2025-06-14 10:28:56,316 - INFO - Log file trimmed to 1000 lines
2025-06-14 10:28:57,333 - INFO - Log file trimmed to 1000 lines
2025-06-14 10:28:58,362 - INFO - Log file trimmed to 1000 lines
2025-06-14 10:28:59,382 - INFO - Log file trimmed to 1000 lines
2025-06-14 10:29:00,393 - INFO - Log file trimmed to 1000 lines
2025-06-14 10:29:01,410 - INFO - Log file trimmed to 1000 lines
2025-06-14 10:29:02,429 - INFO - Log file trimmed to 1000 lines
2025-06-14 10:29:03,452 - INFO - Log file trimmed to 1000 lines
2025-06-14 10:29:04,471 - INFO - Log file trimmed to 1000 lines
2025-06-14 10:29:05,488 - INFO - Log file trimmed to 1000 lines
2025-06-14 10:29:06,504 - INFO - Log file trimmed to 1000 lines
2025-06-14 10:29:07,522 - INFO - Log file trimmed to 1000 lines
2025-06-14 10:29:08,534 - INFO - Log file trimmed to 1000 lines
2025-06-14 10:29:09,553 - INFO - Log file trimmed to 1000 lines
2025-06-14 10:29:10,571 - INFO - Log file trimmed to 1000 lines
2025-06-14 10:29:11,592 - INFO - Log file trimmed to 1000 lines
2025-06-14 10:29:12,611 - INFO - Log file trimmed to 1000 lines
2025-06-14 10:29:13,629 - INFO - Log file trimmed to 1000 lines
2025-06-14 10:29:14,647 - INFO - Log file trimmed to 1000 lines
2025-06-14 10:29:15,667 - INFO - Log file trimmed to 1000 lines
2025-06-14 10:29:16,687 - INFO - Log file trimmed to 1000 lines
2025-06-14 10:29:17,707 - INFO - Log file trimmed to 1000 lines
2025-06-14 10:29:18,725 - INFO - Log file trimmed to 1000 lines
2025-06-14 10:29:19,744 - INFO - Log file trimmed to 1000 lines
2025-06-14 10:29:20,763 - INFO - Log file trimmed to 1000 lines
2025-06-14 10:29:21,783 - INFO - Log file trimmed to 1000 lines
2025-06-14 10:29:22,794 - INFO - Log file trimmed to 1000 lines
2025-06-14 10:29:23,812 - INFO - Log file trimmed to 1000 lines
2025-06-14 10:29:24,822 - INFO - Log file trimmed to 1000 lines
2025-06-14 10:29:25,841 - INFO - Log file trimmed to 1000 lines
2025-06-14 10:29:26,859 - INFO - Log file trimmed to 1000 lines
2025-06-14 10:29:27,878 - INFO - Log file trimmed to 1000 lines
2025-06-14 10:29:28,897 - INFO - Log file trimmed to 1000 lines
2025-06-14 10:29:29,913 - INFO - Log file trimmed to 1000 lines
2025-06-14 10:29:30,932 - INFO - Log file trimmed to 1000 lines
2025-06-14 10:29:31,951 - INFO - Log file trimmed to 1000 lines
2025-06-14 10:29:32,968 - INFO - Log file trimmed to 1000 lines
2025-06-14 10:29:34,050 - INFO - Log file trimmed to 1000 lines
2025-06-14 10:29:35,068 - INFO - Log file trimmed to 1000 lines
2025-06-14 10:29:36,086 - INFO - Log file trimmed to 1000 lines
2025-06-14 10:29:37,114 - INFO - Log file trimmed to 1000 lines
2025-06-14 10:29:38,141 - INFO - Log file trimmed to 1000 lines
2025-06-14 10:29:39,159 - INFO - Log file trimmed to 1000 lines
2025-06-14 10:29:40,170 - INFO - Log file trimmed to 1000 lines
2025-06-14 10:29:41,190 - INFO - Log file trimmed to 1000 lines
2025-06-14 10:29:42,207 - INFO - Log file trimmed to 1000 lines
2025-06-14 10:29:43,225 - INFO - Log file trimmed to 1000 lines
2025-06-14 10:29:44,244 - INFO - Log file trimmed to 1000 lines
2025-06-14 10:29:45,266 - INFO - Log file trimmed to 1000 lines
2025-06-14 10:29:46,284 - INFO - Log file trimmed to 1000 lines
2025-06-14 10:29:47,302 - INFO - Log file trimmed to 1000 lines
2025-06-14 10:29:48,320 - INFO - Log file trimmed to 1000 lines
2025-06-14 10:29:49,336 - INFO - Log file trimmed to 1000 lines
2025-06-14 10:29:50,354 - INFO - Log file trimmed to 1000 lines
2025-06-14 10:29:51,372 - INFO - Log file trimmed to 1000 lines
2025-06-14 10:29:52,384 - INFO - Log file trimmed to 1000 lines
2025-06-14 10:29:53,403 - INFO - Log file trimmed to 1000 lines
2025-06-14 10:29:54,423 - INFO - Log file trimmed to 1000 lines
2025-06-14 10:29:55,442 - INFO - Log file trimmed to 1000 lines
2025-06-14 10:29:56,454 - INFO - Log file trimmed to 1000 lines
2025-06-14 10:29:57,472 - INFO - Log file trimmed to 1000 lines
2025-06-14 10:29:58,492 - INFO - Log file trimmed to 1000 lines
2025-06-14 10:29:59,519 - INFO - Log file trimmed to 1000 lines
2025-06-14 10:30:00,539 - INFO - Log file trimmed to 1000 lines
2025-06-14 10:30:01,557 - INFO - Log file trimmed to 1000 lines
2025-06-14 10:30:02,568 - INFO - Log file trimmed to 1000 lines
2025-06-14 10:30:03,588 - INFO - Log file trimmed to 1000 lines
2025-06-14 10:30:04,607 - INFO - Log file trimmed to 1000 lines
2025-06-14 10:30:05,627 - INFO - Log file trimmed to 1000 lines
2025-06-14 10:30:06,645 - INFO - Log file trimmed to 1000 lines
2025-06-14 10:30:07,669 - INFO - Log file trimmed to 1000 lines
2025-06-14 10:30:08,686 - INFO - Log file trimmed to 1000 lines
2025-06-14 10:30:09,705 - INFO - Log file trimmed to 1000 lines
2025-06-14 10:30:10,723 - INFO - Log file trimmed to 1000 lines
2025-06-14 10:30:11,742 - INFO - Log file trimmed to 1000 lines
2025-06-14 10:30:12,758 - INFO - Log file trimmed to 1000 lines
2025-06-14 10:30:13,775 - INFO - Log file trimmed to 1000 lines
2025-06-14 10:30:14,791 - INFO - Log file trimmed to 1000 lines
2025-06-14 10:30:15,810 - INFO - Log file trimmed to 1000 lines
2025-06-14 10:30:16,833 - INFO - Log file trimmed to 1000 lines
2025-06-14 10:30:17,851 - INFO - Log file trimmed to 1000 lines
2025-06-14 10:30:18,870 - INFO - Log file trimmed to 1000 lines
2025-06-14 10:30:19,890 - INFO - Log file trimmed to 1000 lines
2025-06-14 10:30:20,901 - INFO - Log file trimmed to 1000 lines
2025-06-14 10:30:21,913 - INFO - Log file trimmed to 1000 lines
2025-06-14 10:30:22,926 - INFO - Log file trimmed to 1000 lines
2025-06-14 10:30:23,944 - INFO - Log file trimmed to 1000 lines
2025-06-14 10:30:24,963 - INFO - Log file trimmed to 1000 lines
2025-06-14 10:30:25,984 - INFO - Log file trimmed to 1000 lines
2025-06-14 10:30:27,001 - INFO - Log file trimmed to 1000 lines
2025-06-14 10:30:27,744 - INFO - Detection loop started
2025-06-14 10:30:27,744 - INFO - Detection started!
2025-06-14 10:30:27,744 - INFO - Detection started by user
2025-06-14 10:30:28,029 - INFO - Log file trimmed to 1000 lines
2025-06-14 10:30:28,571 - INFO - Similarity scores: dota=0.48, print=0.39, read_check=0.50
2025-06-14 10:30:29,065 - INFO - Log file trimmed to 1000 lines
2025-06-14 10:30:30,081 - INFO - Log file trimmed to 1000 lines
2025-06-14 10:30:31,106 - INFO - Log file trimmed to 1000 lines
2025-06-14 10:30:32,117 - INFO - Log file trimmed to 1000 lines
2025-06-14 10:30:33,128 - INFO - Log file trimmed to 1000 lines
2025-06-14 10:30:34,138 - INFO - Log file trimmed to 1000 lines
2025-06-14 10:30:34,468 - INFO - Similarity scores: dota=0.79, print=0.29, read_check=0.84
2025-06-14 10:30:34,571 - INFO - Enter key pressed
2025-06-14 10:30:34,571 - INFO - Read-check pattern detected! Pressing Enter.
2025-06-14 10:30:35,167 - INFO - Log file trimmed to 1000 lines
2025-06-14 10:30:36,184 - INFO - Log file trimmed to 1000 lines
2025-06-14 10:30:37,203 - INFO - Log file trimmed to 1000 lines
2025-06-14 10:30:38,224 - INFO - Log file trimmed to 1000 lines
2025-06-14 10:30:39,248 - INFO - Log file trimmed to 1000 lines
2025-06-14 10:30:40,266 - INFO - Log file trimmed to 1000 lines
2025-06-14 10:30:40,459 - INFO - Similarity scores: dota=0.48, print=0.39, read_check=0.50
2025-06-14 10:30:41,295 - INFO - Log file trimmed to 1000 lines
2025-06-14 10:30:42,313 - INFO - Log file trimmed to 1000 lines
2025-06-14 10:30:43,331 - INFO - Log file trimmed to 1000 lines
2025-06-14 10:30:44,349 - INFO - Log file trimmed to 1000 lines
2025-06-14 10:30:45,361 - INFO - Log file trimmed to 1000 lines
2025-06-14 10:30:46,342 - INFO - Similarity scores: dota=0.48, print=0.38, read_check=0.50
2025-06-14 10:30:46,387 - INFO - Log file trimmed to 1000 lines
2025-06-14 10:30:47,403 - INFO - Log file trimmed to 1000 lines
2025-06-14 10:30:48,414 - INFO - Log file trimmed to 1000 lines
2025-06-14 10:30:49,434 - INFO - Log file trimmed to 1000 lines
2025-06-14 10:30:50,446 - INFO - Log file trimmed to 1000 lines
2025-06-14 10:30:51,469 - INFO - Log file trimmed to 1000 lines
2025-06-14 10:30:52,233 - INFO - Similarity scores: dota=0.48, print=0.39, read_check=0.50
2025-06-14 10:30:52,497 - INFO - Log file trimmed to 1000 lines
2025-06-14 10:30:53,517 - INFO - Log file trimmed to 1000 lines
2025-06-14 10:30:54,534 - INFO - Log file trimmed to 1000 lines
2025-06-14 10:30:55,554 - INFO - Log file trimmed to 1000 lines
2025-06-14 10:30:56,574 - INFO - Log file trimmed to 1000 lines
2025-06-14 10:30:57,592 - INFO - Log file trimmed to 1000 lines
2025-06-14 10:30:58,129 - INFO - Similarity scores: dota=0.48, print=0.38, read_check=0.50
2025-06-14 10:30:58,622 - INFO - Log file trimmed to 1000 lines
2025-06-14 10:30:59,634 - INFO - Log file trimmed to 1000 lines
2025-06-14 10:31:00,656 - INFO - Log file trimmed to 1000 lines
2025-06-14 10:31:01,674 - INFO - Log file trimmed to 1000 lines
2025-06-14 10:31:02,693 - INFO - Log file trimmed to 1000 lines
2025-06-14 10:31:03,715 - INFO - Log file trimmed to 1000 lines
2025-06-14 10:31:04,028 - INFO - Similarity scores: dota=0.48, print=0.39, read_check=0.50
2025-06-14 10:31:04,759 - INFO - Log file trimmed to 1000 lines
2025-06-14 10:31:05,771 - INFO - Log file trimmed to 1000 lines
2025-06-14 10:31:06,791 - INFO - Log file trimmed to 1000 lines
2025-06-14 10:31:07,811 - INFO - Log file trimmed to 1000 lines
2025-06-14 10:31:08,828 - INFO - Log file trimmed to 1000 lines
2025-06-14 10:31:09,848 - INFO - Log file trimmed to 1000 lines
2025-06-14 10:31:09,946 - INFO - Similarity scores: dota=0.48, print=0.39, read_check=0.50
2025-06-14 10:31:10,875 - INFO - Log file trimmed to 1000 lines
2025-06-14 10:31:11,892 - INFO - Log file trimmed to 1000 lines
2025-06-14 10:31:12,909 - INFO - Log file trimmed to 1000 lines
2025-06-14 10:31:13,928 - INFO - Log file trimmed to 1000 lines
2025-06-14 10:31:14,957 - INFO - Log file trimmed to 1000 lines
2025-06-14 10:31:15,839 - INFO - Similarity scores: dota=0.48, print=0.38, read_check=0.50
2025-06-14 10:31:15,996 - INFO - Log file trimmed to 1000 lines
2025-06-14 10:31:17,012 - INFO - Log file trimmed to 1000 lines
2025-06-14 10:31:18,060 - INFO - Log file trimmed to 1000 lines
2025-06-14 10:31:19,091 - INFO - Log file trimmed to 1000 lines
2025-06-14 10:31:20,121 - INFO - Log file trimmed to 1000 lines
2025-06-14 10:31:21,141 - INFO - Log file trimmed to 1000 lines
2025-06-14 10:31:21,748 - INFO - Similarity scores: dota=0.48, print=0.38, read_check=0.50
2025-06-14 10:31:22,173 - INFO - Log file trimmed to 1000 lines
2025-06-14 10:31:23,189 - INFO - Log file trimmed to 1000 lines
2025-06-14 10:31:24,207 - INFO - Log file trimmed to 1000 lines
2025-06-14 10:31:25,225 - INFO - Log file trimmed to 1000 lines
2025-06-14 10:31:26,243 - INFO - Log file trimmed to 1000 lines
2025-06-14 10:31:27,263 - INFO - Log file trimmed to 1000 lines
2025-06-14 10:31:27,647 - INFO - Similarity scores: dota=0.48, print=0.38, read_check=0.50
2025-06-14 10:31:28,293 - INFO - Log file trimmed to 1000 lines
2025-06-14 10:31:29,315 - INFO - Log file trimmed to 1000 lines
2025-06-14 10:31:30,326 - INFO - Log file trimmed to 1000 lines
2025-06-14 10:31:31,346 - INFO - Log file trimmed to 1000 lines
2025-06-14 10:31:32,366 - INFO - Log file trimmed to 1000 lines
2025-06-14 10:31:33,383 - INFO - Log file trimmed to 1000 lines
2025-06-14 10:31:33,530 - INFO - Similarity scores: dota=0.48, print=0.39, read_check=0.50
2025-06-14 10:31:34,415 - INFO - Log file trimmed to 1000 lines
2025-06-14 10:31:35,432 - INFO - Log file trimmed to 1000 lines
2025-06-14 10:31:36,451 - INFO - Log file trimmed to 1000 lines
2025-06-14 10:31:37,471 - INFO - Log file trimmed to 1000 lines
2025-06-14 10:31:38,489 - INFO - Log file trimmed to 1000 lines
2025-06-14 10:31:39,431 - INFO - Similarity scores: dota=0.48, print=0.38, read_check=0.50
2025-06-14 10:31:39,561 - INFO - Log file trimmed to 1000 lines
2025-06-14 10:31:40,579 - INFO - Log file trimmed to 1000 lines
2025-06-14 10:31:41,598 - INFO - Log file trimmed to 1000 lines
2025-06-14 10:31:42,620 - INFO - Log file trimmed to 1000 lines
2025-06-14 10:31:43,639 - INFO - Log file trimmed to 1000 lines
2025-06-14 10:31:44,659 - INFO - Log file trimmed to 1000 lines
2025-06-14 10:31:45,320 - INFO - Similarity scores: dota=0.48, print=0.39, read_check=0.50
2025-06-14 10:31:45,688 - INFO - Log file trimmed to 1000 lines
2025-06-14 10:31:46,704 - INFO - Log file trimmed to 1000 lines
2025-06-14 10:31:47,723 - INFO - Log file trimmed to 1000 lines
2025-06-14 10:31:48,744 - INFO - Log file trimmed to 1000 lines
2025-06-14 10:31:49,764 - INFO - Log file trimmed to 1000 lines
2025-06-14 10:31:50,783 - INFO - Log file trimmed to 1000 lines
2025-06-14 10:31:51,235 - INFO - Similarity scores: dota=0.48, print=0.38, read_check=0.50
2025-06-14 10:31:51,811 - INFO - Log file trimmed to 1000 lines
2025-06-14 10:31:52,827 - INFO - Log file trimmed to 1000 lines
2025-06-14 10:31:53,846 - INFO - Log file trimmed to 1000 lines
2025-06-14 10:31:54,865 - INFO - Log file trimmed to 1000 lines
2025-06-14 10:31:55,885 - INFO - Log file trimmed to 1000 lines
2025-06-14 10:31:56,903 - INFO - Log file trimmed to 1000 lines
2025-06-14 10:31:57,136 - INFO - Similarity scores: dota=0.48, print=0.38, read_check=0.50
2025-06-14 10:31:57,934 - INFO - Log file trimmed to 1000 lines
2025-06-14 10:31:58,950 - INFO - Log file trimmed to 1000 lines
2025-06-14 10:31:59,970 - INFO - Log file trimmed to 1000 lines
2025-06-14 10:32:00,991 - INFO - Log file trimmed to 1000 lines
2025-06-14 10:32:02,011 - INFO - Log file trimmed to 1000 lines
2025-06-14 10:32:03,018 - INFO - Similarity scores: dota=0.48, print=0.38, read_check=0.50
2025-06-14 10:32:03,037 - INFO - Log file trimmed to 1000 lines
2025-06-14 10:32:04,054 - INFO - Log file trimmed to 1000 lines
2025-06-14 10:32:05,072 - INFO - Log file trimmed to 1000 lines
2025-06-14 10:32:06,091 - INFO - Log file trimmed to 1000 lines
2025-06-14 10:32:07,111 - INFO - Log file trimmed to 1000 lines
2025-06-14 10:32:08,122 - INFO - Log file trimmed to 1000 lines
2025-06-14 10:32:08,930 - INFO - Similarity scores: dota=0.48, print=0.39, read_check=0.50
2025-06-14 10:32:09,142 - INFO - Log file trimmed to 1000 lines
2025-06-14 10:32:10,160 - INFO - Log file trimmed to 1000 lines
2025-06-14 10:32:11,180 - INFO - Log file trimmed to 1000 lines
2025-06-14 10:32:12,197 - INFO - Log file trimmed to 1000 lines
2025-06-14 10:32:13,213 - INFO - Log file trimmed to 1000 lines
2025-06-14 10:32:14,234 - INFO - Log file trimmed to 1000 lines
2025-06-14 10:32:14,807 - INFO - Similarity scores: dota=0.48, print=0.38, read_check=0.50
2025-06-14 10:32:15,273 - INFO - Log file trimmed to 1000 lines
2025-06-14 10:32:16,283 - INFO - Log file trimmed to 1000 lines
2025-06-14 10:32:17,303 - INFO - Log file trimmed to 1000 lines
2025-06-14 10:32:18,323 - INFO - Log file trimmed to 1000 lines
2025-06-14 10:32:19,340 - INFO - Log file trimmed to 1000 lines
2025-06-14 10:32:20,358 - INFO - Log file trimmed to 1000 lines
2025-06-14 10:32:20,698 - INFO - Similarity scores: dota=0.48, print=0.39, read_check=0.50
2025-06-14 10:32:21,389 - INFO - Log file trimmed to 1000 lines
2025-06-14 10:32:22,405 - INFO - Log file trimmed to 1000 lines
2025-06-14 10:32:23,423 - INFO - Log file trimmed to 1000 lines
2025-06-14 10:32:24,444 - INFO - Log file trimmed to 1000 lines
2025-06-14 10:32:25,463 - INFO - Log file trimmed to 1000 lines
2025-06-14 10:32:26,475 - INFO - Log file trimmed to 1000 lines
2025-06-14 10:32:26,596 - INFO - Similarity scores: dota=0.80, print=0.30, read_check=0.78
2025-06-14 10:32:26,608 - INFO - Successfully focused Dota 2 window
2025-06-14 10:32:26,775 - INFO - Enter key pressed
2025-06-14 10:32:26,775 - INFO - Match detected! Focusing Dota 2 window, pressing Enter and playing sound.
2025-06-14 10:32:27,503 - INFO - Log file trimmed to 1000 lines
2025-06-14 10:32:28,522 - INFO - Log file trimmed to 1000 lines
2025-06-14 10:32:29,539 - INFO - Log file trimmed to 1000 lines
2025-06-14 10:32:30,547 - INFO - Played alert sound on device 6
2025-06-14 10:32:30,547 - INFO - Match found callback triggered
2025-06-14 10:32:30,547 - INFO - Detection loop ended
2025-06-14 10:32:30,564 - INFO - Log file trimmed to 1000 lines
2025-06-14 10:32:31,578 - INFO - Log file trimmed to 1000 lines
2025-06-14 10:32:32,596 - INFO - Log file trimmed to 1000 lines
2025-06-14 10:32:33,616 - INFO - Log file trimmed to 1000 lines
2025-06-14 10:32:34,636 - INFO - Log file trimmed to 1000 lines
2025-06-14 10:32:35,654 - INFO - Log file trimmed to 1000 lines
2025-06-14 10:32:36,674 - INFO - Log file trimmed to 1000 lines
2025-06-14 10:32:37,694 - INFO - Log file trimmed to 1000 lines
2025-06-14 10:32:38,714 - INFO - Log file trimmed to 1000 lines
2025-06-14 10:32:39,733 - INFO - Log file trimmed to 1000 lines
2025-06-14 10:32:40,751 - INFO - Log file trimmed to 1000 lines
2025-06-14 10:32:41,763 - INFO - Log file trimmed to 1000 lines
2025-06-14 10:32:42,785 - INFO - Log file trimmed to 1000 lines
2025-06-14 10:32:43,809 - INFO - Log file trimmed to 1000 lines
2025-06-14 10:32:44,826 - INFO - Log file trimmed to 1000 lines
2025-06-14 10:32:45,845 - INFO - Log file trimmed to 1000 lines
2025-06-14 10:32:46,862 - INFO - Log file trimmed to 1000 lines
2025-06-14 10:32:47,878 - INFO - Log file trimmed to 1000 lines
2025-06-14 10:32:48,895 - INFO - Log file trimmed to 1000 lines
2025-06-14 10:32:49,910 - INFO - Log file trimmed to 1000 lines
2025-06-14 10:32:50,928 - INFO - Log file trimmed to 1000 lines
2025-06-14 10:32:51,947 - INFO - Log file trimmed to 1000 lines
2025-06-14 10:32:52,969 - INFO - Log file trimmed to 1000 lines
2025-06-14 10:32:53,989 - INFO - Log file trimmed to 1000 lines
2025-06-14 10:32:55,005 - INFO - Log file trimmed to 1000 lines
2025-06-14 10:32:56,025 - INFO - Log file trimmed to 1000 lines
2025-06-14 10:32:57,040 - INFO - Log file trimmed to 1000 lines
2025-06-14 10:32:58,056 - INFO - Log file trimmed to 1000 lines
2025-06-14 10:32:59,071 - INFO - Log file trimmed to 1000 lines
2025-06-14 10:33:00,088 - INFO - Log file trimmed to 1000 lines
2025-06-14 10:33:01,105 - INFO - Log file trimmed to 1000 lines
2025-06-14 10:33:02,124 - INFO - Log file trimmed to 1000 lines
2025-06-14 10:33:03,135 - INFO - Log file trimmed to 1000 lines
2025-06-14 10:33:04,152 - INFO - Log file trimmed to 1000 lines
2025-06-14 10:33:05,166 - INFO - Log file trimmed to 1000 lines
2025-06-14 10:33:06,191 - INFO - Log file trimmed to 1000 lines
2025-06-14 10:33:07,218 - INFO - Log file trimmed to 1000 lines
2025-06-14 10:33:08,233 - INFO - Log file trimmed to 1000 lines
2025-06-14 10:33:09,250 - INFO - Log file trimmed to 1000 lines
2025-06-14 10:33:10,267 - INFO - Log file trimmed to 1000 lines
2025-06-14 10:33:11,286 - INFO - Log file trimmed to 1000 lines
2025-06-14 10:33:12,304 - INFO - Log file trimmed to 1000 lines
2025-06-14 10:33:13,320 - INFO - Log file trimmed to 1000 lines
2025-06-14 10:33:14,336 - INFO - Log file trimmed to 1000 lines
2025-06-14 10:33:15,353 - INFO - Log file trimmed to 1000 lines
2025-06-14 10:33:16,371 - INFO - Log file trimmed to 1000 lines
2025-06-14 10:33:17,390 - INFO - Log file trimmed to 1000 lines
2025-06-14 10:33:18,407 - INFO - Log file trimmed to 1000 lines
2025-06-14 10:33:19,422 - INFO - Log file trimmed to 1000 lines
2025-06-14 10:33:20,438 - INFO - Log file trimmed to 1000 lines
2025-06-14 10:33:21,455 - INFO - Log file trimmed to 1000 lines
2025-06-14 10:33:22,471 - INFO - Log file trimmed to 1000 lines
2025-06-14 10:33:23,487 - INFO - Log file trimmed to 1000 lines
2025-06-14 10:33:24,504 - INFO - Log file trimmed to 1000 lines
2025-06-14 10:33:25,531 - INFO - Log file trimmed to 1000 lines
2025-06-14 10:33:26,548 - INFO - Log file trimmed to 1000 lines
2025-06-14 10:33:27,565 - INFO - Log file trimmed to 1000 lines
2025-06-14 10:33:28,583 - INFO - Log file trimmed to 1000 lines
2025-06-14 10:33:29,603 - INFO - Log file trimmed to 1000 lines
2025-06-14 10:33:30,622 - INFO - Log file trimmed to 1000 lines
2025-06-14 10:33:31,643 - INFO - Log file trimmed to 1000 lines
2025-06-14 10:33:32,660 - INFO - Log file trimmed to 1000 lines
2025-06-14 10:33:33,676 - INFO - Log file trimmed to 1000 lines
2025-06-14 10:33:34,690 - INFO - Log file trimmed to 1000 lines
2025-06-14 10:33:35,708 - INFO - Log file trimmed to 1000 lines
2025-06-14 10:33:36,724 - INFO - Log file trimmed to 1000 lines
2025-06-14 10:33:37,739 - INFO - Log file trimmed to 1000 lines
2025-06-14 10:33:38,758 - INFO - Log file trimmed to 1000 lines
2025-06-14 10:33:39,778 - INFO - Log file trimmed to 1000 lines
2025-06-14 10:33:40,795 - INFO - Log file trimmed to 1000 lines
2025-06-14 10:33:41,812 - INFO - Log file trimmed to 1000 lines
2025-06-14 10:33:42,832 - INFO - Log file trimmed to 1000 lines
2025-06-14 10:33:43,854 - INFO - Log file trimmed to 1000 lines
2025-06-14 10:33:44,875 - INFO - Log file trimmed to 1000 lines
2025-06-14 10:33:45,896 - INFO - Log file trimmed to 1000 lines
2025-06-14 10:33:46,915 - INFO - Log file trimmed to 1000 lines
2025-06-14 10:33:47,931 - INFO - Log file trimmed to 1000 lines
2025-06-14 10:33:48,948 - INFO - Log file trimmed to 1000 lines
2025-06-14 10:33:49,965 - INFO - Log file trimmed to 1000 lines
2025-06-14 12:53:42,787 - INFO - Application starting
2025-06-14 12:53:42,787 - INFO - Configuration loaded successfully
2025-06-14 12:53:42,811 - INFO - Sound system initialized successfully
2025-06-14 12:53:43,448 - INFO - Detection loop started
2025-06-14 12:53:43,448 - INFO - Detection started!
2025-06-14 12:53:43,503 - INFO - Window positioned on second monitor at 750,190
2025-06-14 12:53:43,532 - INFO - Log file trimmed to 1000 lines
2025-06-14 12:53:43,723 - INFO - Configuration saved successfully
2025-06-14 12:53:43,723 - INFO - Config updated: alert_volume = 1.0
2025-06-14 12:53:43,723 - INFO - Volume changed to: 100%
2025-06-14 12:53:44,554 - INFO - Log file trimmed to 1000 lines
2025-06-14 12:53:44,771 - INFO - Similarity scores: dota=0.26, print=0.44, read_check=0.28, long_time=0.29
2025-06-14 12:53:45,575 - INFO - Log file trimmed to 1000 lines
2025-06-14 12:53:46,587 - INFO - Log file trimmed to 1000 lines
2025-06-14 12:53:47,607 - INFO - Log file trimmed to 1000 lines
2025-06-14 12:53:48,617 - INFO - Log file trimmed to 1000 lines
2025-06-14 12:53:49,630 - INFO - Log file trimmed to 1000 lines
2025-06-14 12:53:50,665 - INFO - Log file trimmed to 1000 lines
2025-06-14 12:53:50,983 - INFO - Similarity scores: dota=0.28, print=0.42, read_check=0.31, long_time=0.32
2025-06-14 12:53:51,699 - INFO - Log file trimmed to 1000 lines
2025-06-14 12:53:52,710 - INFO - Log file trimmed to 1000 lines
2025-06-14 12:53:53,720 - INFO - Log file trimmed to 1000 lines
2025-06-14 12:53:54,732 - INFO - Log file trimmed to 1000 lines
2025-06-14 12:53:55,754 - INFO - Log file trimmed to 1000 lines
2025-06-14 12:53:56,778 - INFO - Log file trimmed to 1000 lines
2025-06-14 12:53:57,144 - INFO - Similarity scores: dota=0.45, print=0.44, read_check=0.48, long_time=0.49
2025-06-14 12:53:57,832 - INFO - Log file trimmed to 1000 lines
2025-06-14 12:53:58,841 - INFO - Log file trimmed to 1000 lines
2025-06-14 12:53:59,849 - INFO - Log file trimmed to 1000 lines
2025-06-14 12:54:00,859 - INFO - Log file trimmed to 1000 lines
2025-06-14 12:54:01,870 - INFO - Log file trimmed to 1000 lines
2025-06-14 12:54:02,883 - INFO - Log file trimmed to 1000 lines
2025-06-14 12:54:03,308 - INFO - Similarity scores: dota=0.44, print=0.47, read_check=0.48, long_time=0.49
2025-06-14 12:54:03,907 - INFO - Log file trimmed to 1000 lines
2025-06-14 12:54:04,916 - INFO - Log file trimmed to 1000 lines
2025-06-14 12:54:05,927 - INFO - Log file trimmed to 1000 lines
2025-06-14 12:54:06,938 - INFO - Log file trimmed to 1000 lines
2025-06-14 12:54:07,951 - INFO - Log file trimmed to 1000 lines
2025-06-14 12:54:08,981 - INFO - Log file trimmed to 1000 lines
2025-06-14 12:54:09,465 - INFO - Similarity scores: dota=0.45, print=0.46, read_check=0.49, long_time=0.49
2025-06-14 12:54:10,007 - INFO - Log file trimmed to 1000 lines
2025-06-14 12:54:11,018 - INFO - Log file trimmed to 1000 lines
2025-06-14 12:54:12,041 - INFO - Log file trimmed to 1000 lines
2025-06-14 12:54:13,052 - INFO - Log file trimmed to 1000 lines
2025-06-14 12:54:14,073 - INFO - Log file trimmed to 1000 lines
2025-06-14 12:54:15,087 - INFO - Log file trimmed to 1000 lines
2025-06-14 12:54:15,627 - INFO - Similarity scores: dota=0.44, print=0.48, read_check=0.49, long_time=0.50
2025-06-14 12:54:16,122 - INFO - Log file trimmed to 1000 lines
2025-06-14 12:54:17,132 - INFO - Log file trimmed to 1000 lines
2025-06-14 12:54:18,143 - INFO - Log file trimmed to 1000 lines
2025-06-14 12:54:19,173 - INFO - Log file trimmed to 1000 lines
2025-06-14 12:54:20,185 - INFO - Log file trimmed to 1000 lines
2025-06-14 12:54:21,205 - INFO - Log file trimmed to 1000 lines
2025-06-14 12:54:21,771 - INFO - Similarity scores: dota=0.94, print=0.33, read_check=0.77, long_time=0.78
2025-06-14 12:54:21,773 - ERROR - Error focusing Dota 2 window: Error code from Windows: 0 - The operation completed successfully.
2025-06-14 12:54:21,920 - INFO - Enter key pressed
2025-06-14 12:54:21,920 - INFO - Match detected! Focusing Dota 2 window, pressing Enter and playing sound.
2025-06-14 12:54:22,240 - INFO - Log file trimmed to 1000 lines
2025-06-14 12:54:23,249 - INFO - Log file trimmed to 1000 lines
2025-06-14 12:54:24,260 - INFO - Log file trimmed to 1000 lines
2025-06-14 12:54:25,270 - INFO - Log file trimmed to 1000 lines
2025-06-14 12:54:26,097 - INFO - Played alert sound on device 6
2025-06-14 12:54:26,098 - INFO - Match found callback triggered
2025-06-14 12:54:26,098 - INFO - Detection loop ended
2025-06-14 12:54:26,288 - INFO - Log file trimmed to 1000 lines
2025-06-14 12:54:27,296 - INFO - Log file trimmed to 1000 lines
2025-06-14 12:54:28,307 - INFO - Log file trimmed to 1000 lines
2025-06-14 12:54:29,322 - INFO - Log file trimmed to 1000 lines
2025-06-14 12:54:30,337 - INFO - Log file trimmed to 1000 lines
2025-06-14 12:54:31,352 - INFO - Log file trimmed to 1000 lines
2025-06-14 12:54:32,380 - INFO - Log file trimmed to 1000 lines
2025-06-14 12:54:33,399 - INFO - Log file trimmed to 1000 lines
2025-06-14 12:54:34,408 - INFO - Log file trimmed to 1000 lines
2025-06-14 12:54:35,427 - INFO - Log file trimmed to 1000 lines
2025-06-14 12:54:36,436 - INFO - Log file trimmed to 1000 lines
2025-06-14 12:54:37,448 - INFO - Log file trimmed to 1000 lines
2025-06-14 12:54:38,465 - INFO - Log file trimmed to 1000 lines
2025-06-14 12:54:39,478 - INFO - Log file trimmed to 1000 lines
2025-06-14 12:54:39,882 - INFO - Configuration saved successfully
2025-06-14 12:54:39,882 - INFO - Config updated: selected_device_id = 5
2025-06-14 12:54:39,882 - INFO - Audio device changed to: Panasonic-TV (NVIDIA High Defin
2025-06-14 12:54:40,501 - INFO - Log file trimmed to 1000 lines
2025-06-14 12:54:41,510 - INFO - Log file trimmed to 1000 lines
2025-06-14 12:54:42,524 - INFO - Log file trimmed to 1000 lines
2025-06-14 12:54:43,545 - INFO - Log file trimmed to 1000 lines
2025-06-14 12:54:44,562 - INFO - Log file trimmed to 1000 lines
2025-06-14 12:54:45,579 - INFO - Log file trimmed to 1000 lines
2025-06-14 12:54:46,596 - INFO - Log file trimmed to 1000 lines
2025-06-14 12:54:47,613 - INFO - Log file trimmed to 1000 lines
2025-06-14 12:54:48,640 - INFO - Log file trimmed to 1000 lines
2025-06-14 12:54:49,652 - INFO - Log file trimmed to 1000 lines
2025-06-14 12:54:50,677 - INFO - Log file trimmed to 1000 lines
2025-06-14 12:54:51,687 - INFO - Log file trimmed to 1000 lines
2025-06-14 12:54:52,698 - INFO - Log file trimmed to 1000 lines
2025-06-14 12:54:53,729 - INFO - Log file trimmed to 1000 lines
2025-06-14 12:54:54,562 - INFO - Application starting
2025-06-14 12:54:54,573 - INFO - Configuration loaded successfully
2025-06-14 12:54:54,590 - INFO - Sound system initialized successfully
2025-06-14 12:54:54,751 - INFO - Log file trimmed to 1000 lines
2025-06-14 12:54:54,935 - INFO - Detection loop started
2025-06-14 12:54:54,935 - INFO - Detection started!
2025-06-14 12:54:54,971 - INFO - Window positioned on second monitor at 750,190
2025-06-14 12:54:54,988 - INFO - Log file trimmed to 1000 lines
2025-06-14 12:54:55,060 - INFO - Configuration saved successfully
2025-06-14 12:54:55,060 - INFO - Config updated: alert_volume = 1.0
2025-06-14 12:54:55,060 - INFO - Volume changed to: 100%
2025-06-14 12:54:55,768 - INFO - Log file trimmed to 1000 lines
2025-06-14 12:54:55,923 - INFO - Similarity scores: dota=0.12, print=0.38, read_check=0.13, long_time=0.14
2025-06-14 12:54:56,011 - INFO - Log file trimmed to 1000 lines
2025-06-14 12:54:56,776 - INFO - Log file trimmed to 1000 lines
2025-06-14 12:54:57,025 - INFO - Log file trimmed to 1000 lines
2025-06-14 12:54:57,799 - INFO - Log file trimmed to 1000 lines
2025-06-14 12:54:58,041 - INFO - Log file trimmed to 1000 lines
2025-06-14 12:54:58,809 - INFO - Log file trimmed to 1000 lines
2025-06-14 12:54:59,055 - INFO - Log file trimmed to 1000 lines
2025-06-14 12:54:59,820 - INFO - Log file trimmed to 1000 lines
2025-06-14 12:55:00,070 - INFO - Log file trimmed to 1000 lines
2025-06-14 12:55:00,830 - INFO - Log file trimmed to 1000 lines
2025-06-14 12:55:01,090 - INFO - Log file trimmed to 1000 lines
2025-06-14 12:55:01,851 - INFO - Log file trimmed to 1000 lines
2025-06-14 12:55:02,046 - INFO - Similarity scores: dota=0.35, print=0.30, read_check=0.35, long_time=0.35
2025-06-14 12:55:02,158 - INFO - Log file trimmed to 1000 lines
2025-06-14 12:55:02,864 - INFO - Log file trimmed to 1000 lines
2025-06-14 12:55:03,202 - INFO - Log file trimmed to 1000 lines
2025-06-14 12:55:03,875 - INFO - Log file trimmed to 1000 lines
2025-06-14 12:55:03,920 - INFO - Detection stopped!
2025-06-14 12:55:03,920 - INFO - Application closing
2025-06-14 12:55:04,003 - INFO - Application exited
2025-06-14 12:55:04,891 - INFO - Log file trimmed to 1000 lines
2025-06-14 12:55:05,905 - INFO - Log file trimmed to 1000 lines
2025-06-14 12:55:06,934 - INFO - Log file trimmed to 1000 lines
2025-06-14 12:55:07,943 - INFO - Log file trimmed to 1000 lines
2025-06-14 12:55:08,971 - INFO - Log file trimmed to 1000 lines
2025-06-14 12:55:09,986 - INFO - Log file trimmed to 1000 lines
2025-06-14 12:55:11,000 - INFO - Log file trimmed to 1000 lines
2025-06-14 12:55:12,017 - INFO - Log file trimmed to 1000 lines
2025-06-14 12:55:13,046 - INFO - Log file trimmed to 1000 lines
2025-06-14 12:55:14,072 - INFO - Log file trimmed to 1000 lines
2025-06-14 12:55:15,085 - INFO - Log file trimmed to 1000 lines
2025-06-14 12:55:16,109 - INFO - Log file trimmed to 1000 lines
2025-06-14 12:55:17,120 - INFO - Log file trimmed to 1000 lines
2025-06-14 12:55:18,150 - INFO - Log file trimmed to 1000 lines
2025-06-14 12:55:19,160 - INFO - Log file trimmed to 1000 lines
2025-06-14 12:55:20,170 - INFO - Log file trimmed to 1000 lines
2025-06-14 12:55:21,178 - INFO - Log file trimmed to 1000 lines
2025-06-14 12:55:22,196 - INFO - Log file trimmed to 1000 lines
2025-06-14 12:55:23,219 - INFO - Log file trimmed to 1000 lines
2025-06-14 12:55:24,231 - INFO - Log file trimmed to 1000 lines
2025-06-14 12:55:25,256 - INFO - Log file trimmed to 1000 lines
2025-06-14 12:55:26,296 - INFO - Log file trimmed to 1000 lines
2025-06-14 12:55:27,306 - INFO - Log file trimmed to 1000 lines
2025-06-14 12:55:28,316 - INFO - Log file trimmed to 1000 lines
2025-06-14 12:55:29,326 - INFO - Log file trimmed to 1000 lines
2025-06-14 12:55:30,347 - INFO - Log file trimmed to 1000 lines
2025-06-14 12:55:31,358 - INFO - Log file trimmed to 1000 lines
2025-06-14 12:55:32,390 - INFO - Log file trimmed to 1000 lines
2025-06-14 12:55:33,401 - INFO - Log file trimmed to 1000 lines
2025-06-14 12:55:34,413 - INFO - Log file trimmed to 1000 lines
2025-06-14 12:55:35,439 - INFO - Log file trimmed to 1000 lines
2025-06-14 12:55:36,449 - INFO - Log file trimmed to 1000 lines
2025-06-14 12:55:37,464 - INFO - Log file trimmed to 1000 lines
2025-06-14 12:55:38,474 - INFO - Log file trimmed to 1000 lines
2025-06-14 12:55:39,489 - INFO - Log file trimmed to 1000 lines
2025-06-14 12:55:40,514 - INFO - Log file trimmed to 1000 lines
2025-06-14 12:55:41,537 - INFO - Log file trimmed to 1000 lines
2025-06-14 12:55:42,548 - INFO - Log file trimmed to 1000 lines
2025-06-14 12:55:43,565 - INFO - Log file trimmed to 1000 lines
2025-06-14 12:55:44,587 - INFO - Log file trimmed to 1000 lines
2025-06-14 12:55:45,611 - INFO - Log file trimmed to 1000 lines
2025-06-14 12:55:46,621 - INFO - Log file trimmed to 1000 lines
2025-06-14 12:55:47,640 - INFO - Log file trimmed to 1000 lines
2025-06-14 12:55:48,654 - INFO - Log file trimmed to 1000 lines
2025-06-14 12:55:49,681 - INFO - Log file trimmed to 1000 lines
2025-06-14 12:55:50,703 - INFO - Log file trimmed to 1000 lines
2025-06-14 12:55:51,715 - INFO - Log file trimmed to 1000 lines
2025-06-14 12:55:52,740 - INFO - Log file trimmed to 1000 lines
2025-06-14 12:55:53,762 - INFO - Log file trimmed to 1000 lines
2025-06-14 12:55:54,784 - INFO - Log file trimmed to 1000 lines
2025-06-14 12:55:55,804 - INFO - Log file trimmed to 1000 lines
2025-06-14 12:55:56,820 - INFO - Log file trimmed to 1000 lines
2025-06-14 12:55:57,839 - INFO - Log file trimmed to 1000 lines
2025-06-14 12:55:58,865 - INFO - Log file trimmed to 1000 lines
2025-06-14 12:55:59,879 - INFO - Log file trimmed to 1000 lines
2025-06-14 12:56:00,903 - INFO - Log file trimmed to 1000 lines
2025-06-14 12:56:01,927 - INFO - Log file trimmed to 1000 lines
2025-06-14 12:56:02,939 - INFO - Log file trimmed to 1000 lines
2025-06-14 12:56:03,965 - INFO - Log file trimmed to 1000 lines
2025-06-14 12:56:04,977 - INFO - Log file trimmed to 1000 lines
2025-06-14 12:56:05,999 - INFO - Log file trimmed to 1000 lines
2025-06-14 12:56:07,012 - INFO - Log file trimmed to 1000 lines
2025-06-14 12:56:08,032 - INFO - Log file trimmed to 1000 lines
2025-06-14 12:56:09,047 - INFO - Log file trimmed to 1000 lines
2025-06-14 12:56:10,055 - INFO - Log file trimmed to 1000 lines
2025-06-14 12:56:11,071 - INFO - Log file trimmed to 1000 lines
2025-06-14 12:56:12,088 - INFO - Log file trimmed to 1000 lines
2025-06-14 12:56:13,104 - INFO - Log file trimmed to 1000 lines
2025-06-14 12:56:14,124 - INFO - Log file trimmed to 1000 lines
2025-06-14 12:56:15,136 - INFO - Log file trimmed to 1000 lines
2025-06-14 12:56:16,152 - INFO - Log file trimmed to 1000 lines
2025-06-14 12:56:17,166 - INFO - Log file trimmed to 1000 lines
2025-06-14 12:56:18,182 - INFO - Log file trimmed to 1000 lines
2025-06-14 12:56:19,206 - INFO - Log file trimmed to 1000 lines
2025-06-14 12:56:20,227 - INFO - Log file trimmed to 1000 lines
2025-06-14 12:56:21,244 - INFO - Log file trimmed to 1000 lines
2025-06-14 12:56:22,272 - INFO - Log file trimmed to 1000 lines
2025-06-14 12:56:23,284 - INFO - Log file trimmed to 1000 lines
2025-06-14 12:56:24,308 - INFO - Log file trimmed to 1000 lines
2025-06-14 12:56:25,337 - INFO - Log file trimmed to 1000 lines
2025-06-14 12:56:26,360 - INFO - Log file trimmed to 1000 lines
2025-06-14 12:56:27,374 - INFO - Log file trimmed to 1000 lines
2025-06-14 12:56:28,389 - INFO - Log file trimmed to 1000 lines
2025-06-14 12:56:29,400 - INFO - Log file trimmed to 1000 lines
2025-06-14 12:56:30,426 - INFO - Log file trimmed to 1000 lines
2025-06-14 12:56:31,439 - INFO - Log file trimmed to 1000 lines
2025-06-14 12:56:32,451 - INFO - Log file trimmed to 1000 lines
2025-06-14 12:56:33,474 - INFO - Log file trimmed to 1000 lines
2025-06-14 12:56:34,488 - INFO - Log file trimmed to 1000 lines
2025-06-14 12:56:35,505 - INFO - Log file trimmed to 1000 lines
2025-06-14 12:56:36,526 - INFO - Log file trimmed to 1000 lines
2025-06-14 12:56:37,550 - INFO - Log file trimmed to 1000 lines
2025-06-14 12:56:38,562 - INFO - Log file trimmed to 1000 lines
2025-06-14 12:56:39,579 - INFO - Log file trimmed to 1000 lines
2025-06-14 12:56:40,608 - INFO - Log file trimmed to 1000 lines
2025-06-14 12:56:41,621 - INFO - Log file trimmed to 1000 lines
2025-06-14 12:56:42,635 - INFO - Log file trimmed to 1000 lines
2025-06-14 12:56:43,669 - INFO - Log file trimmed to 1000 lines
2025-06-14 12:56:44,683 - INFO - Log file trimmed to 1000 lines
2025-06-14 12:56:45,697 - INFO - Log file trimmed to 1000 lines
2025-06-14 12:56:46,723 - INFO - Log file trimmed to 1000 lines
2025-06-14 12:56:47,733 - INFO - Log file trimmed to 1000 lines
2025-06-14 12:56:48,749 - INFO - Log file trimmed to 1000 lines
2025-06-14 12:56:49,762 - INFO - Log file trimmed to 1000 lines
2025-06-14 12:56:50,794 - INFO - Log file trimmed to 1000 lines
2025-06-14 12:56:51,811 - INFO - Log file trimmed to 1000 lines
2025-06-14 12:56:52,826 - INFO - Log file trimmed to 1000 lines
2025-06-14 12:56:53,845 - INFO - Log file trimmed to 1000 lines
2025-06-14 12:56:54,864 - INFO - Log file trimmed to 1000 lines
2025-06-14 12:56:55,878 - INFO - Log file trimmed to 1000 lines
2025-06-14 12:56:56,905 - INFO - Log file trimmed to 1000 lines
2025-06-14 12:56:57,918 - INFO - Log file trimmed to 1000 lines
2025-06-14 12:56:58,936 - INFO - Log file trimmed to 1000 lines
2025-06-14 12:56:59,949 - INFO - Log file trimmed to 1000 lines
2025-06-14 12:57:00,964 - INFO - Log file trimmed to 1000 lines
2025-06-14 12:57:01,974 - INFO - Log file trimmed to 1000 lines
2025-06-14 12:57:02,992 - INFO - Log file trimmed to 1000 lines
2025-06-14 12:57:04,005 - INFO - Log file trimmed to 1000 lines
2025-06-14 12:57:05,031 - INFO - Log file trimmed to 1000 lines
2025-06-14 12:57:06,042 - INFO - Log file trimmed to 1000 lines
2025-06-14 12:57:07,060 - INFO - Log file trimmed to 1000 lines
2025-06-14 12:57:08,082 - INFO - Log file trimmed to 1000 lines
