2025-06-08 15:30:03,051 - INFO - Application starting
2025-06-08 15:30:03,107 - INFO - Detection loop started
2025-06-08 15:30:03,157 - INFO - Screenshot of Monitor 3 saved to debug_screenshots\dota2_monitor_capture_20250608-153003.png
2025-06-08 15:30:03,723 - INFO - Similarity with dota.png: 0.38, with print.png: 0.46
2025-06-08 15:30:04,768 - INFO - Screenshot of Monitor 3 saved to debug_screenshots\dota2_monitor_capture_20250608-153004.png
2025-06-08 15:30:05,282 - INFO - Similarity with dota.png: 0.38, with print.png: 0.46
2025-06-08 15:30:06,324 - INFO - Screenshot of Monitor 3 saved to debug_screenshots\dota2_monitor_capture_20250608-153006.png
2025-06-08 15:30:06,838 - INFO - Similarity with dota.png: 0.38, with print.png: 0.46
2025-06-08 15:30:07,877 - INFO - Screenshot of Monitor 3 saved to debug_screenshots\dota2_monitor_capture_20250608-153007.png
2025-06-08 15:30:08,387 - INFO - Similarity with dota.png: 0.38, with print.png: 0.46
2025-06-08 15:30:09,425 - INFO - Screenshot of Monitor 3 saved to debug_screenshots\dota2_monitor_capture_20250608-153009.png
2025-06-08 15:30:09,933 - INFO - Similarity with dota.png: 0.38, with print.png: 0.46
2025-06-08 15:30:10,975 - INFO - Screenshot of Monitor 3 saved to debug_screenshots\dota2_monitor_capture_20250608-153010.png
2025-06-08 15:30:11,517 - INFO - Similarity with dota.png: 0.38, with print.png: 0.46
2025-06-08 15:30:12,558 - INFO - Screenshot of Monitor 3 saved to debug_screenshots\dota2_monitor_capture_20250608-153012.png
2025-06-08 15:30:13,075 - INFO - Similarity with dota.png: 0.38, with print.png: 0.46
2025-06-08 15:30:14,130 - INFO - Screenshot of Monitor 3 saved to debug_screenshots\dota2_monitor_capture_20250608-153014.png
2025-06-08 15:30:14,686 - INFO - Similarity with dota.png: 0.38, with print.png: 0.46
2025-06-08 15:30:15,731 - INFO - Screenshot of Monitor 3 saved to debug_screenshots\dota2_monitor_capture_20250608-153015.png
2025-06-08 15:30:16,252 - INFO - Similarity with dota.png: 0.38, with print.png: 0.46
2025-06-08 15:30:17,293 - INFO - Screenshot of Monitor 3 saved to debug_screenshots\dota2_monitor_capture_20250608-153017.png
2025-06-08 15:30:17,808 - INFO - Similarity with dota.png: 0.38, with print.png: 0.46
2025-06-08 15:30:18,850 - INFO - Screenshot of Monitor 3 saved to debug_screenshots\dota2_monitor_capture_20250608-153018.png
2025-06-08 15:30:19,438 - INFO - Similarity with dota.png: 0.38, with print.png: 0.46
2025-06-08 15:30:20,483 - INFO - Screenshot of Monitor 3 saved to debug_screenshots\dota2_monitor_capture_20250608-153020.png
2025-06-08 15:30:21,005 - INFO - Similarity with dota.png: 0.38, with print.png: 0.46
2025-06-08 15:30:22,052 - INFO - Screenshot of Monitor 3 saved to debug_screenshots\dota2_monitor_capture_20250608-153022.png
2025-06-08 15:30:22,603 - INFO - Similarity with dota.png: 0.38, with print.png: 0.46
2025-06-08 15:30:23,647 - INFO - Screenshot of Monitor 3 saved to debug_screenshots\dota2_monitor_capture_20250608-153023.png
2025-06-08 15:30:24,156 - INFO - Similarity with dota.png: 0.38, with print.png: 0.46
2025-06-08 15:30:25,198 - INFO - Screenshot of Monitor 3 saved to debug_screenshots\dota2_monitor_capture_20250608-153025.png
2025-06-08 15:30:25,722 - INFO - Similarity with dota.png: 0.38, with print.png: 0.46
2025-06-08 15:30:26,765 - INFO - Screenshot of Monitor 3 saved to debug_screenshots\dota2_monitor_capture_20250608-153026.png
2025-06-08 15:30:27,271 - INFO - Similarity with dota.png: 0.38, with print.png: 0.46
2025-06-08 15:30:28,314 - INFO - Screenshot of Monitor 3 saved to debug_screenshots\dota2_monitor_capture_20250608-153028.png
2025-06-08 15:30:28,827 - INFO - Similarity with dota.png: 0.38, with print.png: 0.46
2025-06-08 15:30:29,871 - INFO - Screenshot of Monitor 3 saved to debug_screenshots\dota2_monitor_capture_20250608-153029.png
2025-06-08 15:30:30,399 - INFO - Similarity with dota.png: 0.38, with print.png: 0.46
2025-06-08 15:30:31,444 - INFO - Screenshot of Monitor 3 saved to debug_screenshots\dota2_monitor_capture_20250608-153031.png
2025-06-08 15:30:31,951 - INFO - Similarity with dota.png: 0.38, with print.png: 0.46
2025-06-08 15:30:32,995 - INFO - Screenshot of Monitor 3 saved to debug_screenshots\dota2_monitor_capture_20250608-153032.png
2025-06-08 15:30:33,428 - INFO - Monitor capture setting changed to: Monitor 1
2025-06-08 15:30:33,547 - INFO - Similarity with dota.png: 0.38, with print.png: 0.46
2025-06-08 15:30:34,576 - INFO - Screenshot of Monitor 1 saved to debug_screenshots\dota2_monitor_capture_20250608-153034.png
2025-06-08 15:30:34,823 - INFO - Similarity with dota.png: 0.36, with print.png: 0.46
2025-06-08 15:30:35,857 - INFO - Screenshot of Monitor 1 saved to debug_screenshots\dota2_monitor_capture_20250608-153035.png
2025-06-08 15:30:36,124 - INFO - Similarity with dota.png: 0.36, with print.png: 0.46
2025-06-08 15:30:37,150 - INFO - Screenshot of Monitor 1 saved to debug_screenshots\dota2_monitor_capture_20250608-153037.png
2025-06-08 15:30:37,398 - INFO - Similarity with dota.png: 0.36, with print.png: 0.46
2025-06-08 15:30:38,426 - INFO - Screenshot of Monitor 1 saved to debug_screenshots\dota2_monitor_capture_20250608-153038.png
2025-06-08 15:30:38,694 - INFO - Similarity with dota.png: 0.36, with print.png: 0.46
2025-06-08 15:30:39,723 - INFO - Screenshot of Monitor 1 saved to debug_screenshots\dota2_monitor_capture_20250608-153039.png
2025-06-08 15:30:40,019 - INFO - Similarity with dota.png: 0.36, with print.png: 0.46
2025-06-08 15:30:41,047 - INFO - Screenshot of Monitor 1 saved to debug_screenshots\dota2_monitor_capture_20250608-153041.png
2025-06-08 15:30:41,336 - INFO - Similarity with dota.png: 0.35, with print.png: 0.45
2025-06-08 15:30:42,368 - INFO - Screenshot of Monitor 1 saved to debug_screenshots\dota2_monitor_capture_20250608-153042.png
2025-06-08 15:30:42,670 - INFO - Similarity with dota.png: 0.35, with print.png: 0.45
2025-06-08 15:30:43,701 - INFO - Screenshot of Monitor 1 saved to debug_screenshots\dota2_monitor_capture_20250608-153043.png
2025-06-08 15:30:43,978 - INFO - Similarity with dota.png: 0.33, with print.png: 0.42
2025-06-08 15:30:45,006 - INFO - Screenshot of Monitor 1 saved to debug_screenshots\dota2_monitor_capture_20250608-153044.png
2025-06-08 15:30:45,298 - INFO - Similarity with dota.png: 0.33, with print.png: 0.41
2025-06-08 15:30:46,325 - INFO - Screenshot of Monitor 1 saved to debug_screenshots\dota2_monitor_capture_20250608-153046.png
2025-06-08 15:30:46,587 - INFO - Similarity with dota.png: 0.34, with print.png: 0.42
2025-06-08 15:30:46,961 - INFO - Monitor capture setting changed to: Monitor 2
2025-06-08 15:30:47,674 - INFO - Screenshot of Monitor 2 saved to debug_screenshots\dota2_monitor_capture_20250608-153047.png
2025-06-08 15:30:48,313 - INFO - Similarity with dota.png: 0.40, with print.png: 0.38
2025-06-08 15:30:49,392 - INFO - Screenshot of Monitor 2 saved to debug_screenshots\dota2_monitor_capture_20250608-153049.png
2025-06-08 15:30:49,949 - INFO - Similarity with dota.png: 0.40, with print.png: 0.38
2025-06-08 15:30:51,014 - INFO - Screenshot of Monitor 2 saved to debug_screenshots\dota2_monitor_capture_20250608-153050.png
2025-06-08 15:30:51,566 - INFO - Similarity with dota.png: 0.40, with print.png: 0.38
2025-06-08 15:30:52,637 - INFO - Screenshot of Monitor 2 saved to debug_screenshots\dota2_monitor_capture_20250608-153052.png
2025-06-08 15:30:53,236 - INFO - Similarity with dota.png: 0.40, with print.png: 0.38
2025-06-08 15:30:54,309 - INFO - Screenshot of Monitor 2 saved to debug_screenshots\dota2_monitor_capture_20250608-153054.png
2025-06-08 15:30:54,891 - INFO - Similarity with dota.png: 0.40, with print.png: 0.38
2025-06-08 15:30:55,980 - INFO - Screenshot of Monitor 2 saved to debug_screenshots\dota2_monitor_capture_20250608-153055.png
2025-06-08 15:30:56,769 - INFO - Similarity with dota.png: 0.40, with print.png: 0.39
2025-06-08 15:30:57,845 - INFO - Screenshot of Monitor 2 saved to debug_screenshots\dota2_monitor_capture_20250608-153057.png
2025-06-08 15:30:58,441 - INFO - Similarity with dota.png: 0.40, with print.png: 0.38
2025-06-08 15:30:59,513 - INFO - Screenshot of Monitor 2 saved to debug_screenshots\dota2_monitor_capture_20250608-153059.png
2025-06-08 15:31:00,103 - INFO - Similarity with dota.png: 0.40, with print.png: 0.38
2025-06-08 15:31:01,176 - INFO - Screenshot of Monitor 2 saved to debug_screenshots\dota2_monitor_capture_20250608-153101.png
2025-06-08 15:33:53,864 - INFO - Application starting
2025-06-08 15:33:53,967 - INFO - Detection loop started
2025-06-08 15:33:54,078 - INFO - Screenshot of Monitor 2 saved to debug_screenshots\dota2_monitor_capture_20250608-153353.png
2025-06-08 15:33:54,659 - INFO - Similarity with dota.png: 0.41, with print.png: 0.38
2025-06-08 15:33:55,730 - INFO - Screenshot of Monitor 2 saved to debug_screenshots\dota2_monitor_capture_20250608-153355.png
2025-06-08 15:33:56,254 - INFO - Similarity with dota.png: 0.38, with print.png: 0.38
2025-06-08 15:33:57,360 - INFO - Screenshot of Monitor 2 saved to debug_screenshots\dota2_monitor_capture_20250608-153357.png
2025-06-08 15:33:58,032 - INFO - Similarity with dota.png: 0.38, with print.png: 0.38
2025-06-08 15:33:59,112 - INFO - Screenshot of Monitor 2 saved to debug_screenshots\dota2_monitor_capture_20250608-153359.png
2025-06-08 15:33:59,676 - INFO - Similarity with dota.png: 0.38, with print.png: 0.38
2025-06-08 15:34:00,752 - INFO - Screenshot of Monitor 2 saved to debug_screenshots\dota2_monitor_capture_20250608-153400.png
2025-06-08 15:34:01,325 - INFO - Similarity with dota.png: 0.38, with print.png: 0.38
2025-06-08 15:34:02,411 - INFO - Screenshot of Monitor 2 saved to debug_screenshots\dota2_monitor_capture_20250608-153402.png
2025-06-08 15:34:03,006 - INFO - Similarity with dota.png: 0.38, with print.png: 0.38
2025-06-08 15:34:04,089 - INFO - Screenshot of Monitor 2 saved to debug_screenshots\dota2_monitor_capture_20250608-153404.png
2025-06-08 15:34:04,719 - INFO - Similarity with dota.png: 0.38, with print.png: 0.38
2025-06-08 15:34:05,801 - INFO - Screenshot of Monitor 2 saved to debug_screenshots\dota2_monitor_capture_20250608-153405.png
2025-06-08 15:34:06,394 - INFO - Similarity with dota.png: 0.38, with print.png: 0.38
2025-06-08 15:34:07,476 - INFO - Screenshot of Monitor 2 saved to debug_screenshots\dota2_monitor_capture_20250608-153407.png
2025-06-08 15:34:08,115 - INFO - Similarity with dota.png: 0.38, with print.png: 0.38
2025-06-08 15:34:09,193 - INFO - Screenshot of Monitor 2 saved to debug_screenshots\dota2_monitor_capture_20250608-153409.png
2025-06-08 15:34:09,772 - INFO - Similarity with dota.png: 0.38, with print.png: 0.38
2025-06-08 15:34:10,852 - INFO - Screenshot of Monitor 2 saved to debug_screenshots\dota2_monitor_capture_20250608-153410.png
2025-06-08 15:34:11,429 - INFO - Similarity with dota.png: 0.38, with print.png: 0.38
2025-06-08 15:34:12,508 - INFO - Screenshot of Monitor 2 saved to debug_screenshots\dota2_monitor_capture_20250608-153412.png
2025-06-08 15:34:13,106 - INFO - Similarity with dota.png: 0.38, with print.png: 0.38
2025-06-08 15:34:14,191 - INFO - Screenshot of Monitor 2 saved to debug_screenshots\dota2_monitor_capture_20250608-153414.png
2025-06-08 15:34:14,779 - INFO - Similarity with dota.png: 0.38, with print.png: 0.38
2025-06-08 15:34:15,862 - INFO - Screenshot of Monitor 2 saved to debug_screenshots\dota2_monitor_capture_20250608-153415.png
2025-06-08 15:34:16,461 - INFO - Similarity with dota.png: 0.38, with print.png: 0.38
2025-06-08 15:34:17,538 - INFO - Screenshot of Monitor 2 saved to debug_screenshots\dota2_monitor_capture_20250608-153417.png
2025-06-08 15:34:18,281 - INFO - Similarity with dota.png: 0.38, with print.png: 0.38
2025-06-08 15:34:19,366 - INFO - Screenshot of Monitor 2 saved to debug_screenshots\dota2_monitor_capture_20250608-153419.png
2025-06-08 15:34:20,051 - INFO - Similarity with dota.png: 0.38, with print.png: 0.38
2025-06-08 15:34:21,128 - INFO - Screenshot of Monitor 2 saved to debug_screenshots\dota2_monitor_capture_20250608-153421.png
2025-06-08 15:34:21,744 - INFO - Similarity with dota.png: 0.38, with print.png: 0.38
2025-06-08 15:34:22,836 - INFO - Screenshot of Monitor 2 saved to debug_screenshots\dota2_monitor_capture_20250608-153422.png
2025-06-08 15:34:23,430 - INFO - Similarity with dota.png: 0.38, with print.png: 0.38
2025-06-08 15:34:24,526 - INFO - Screenshot of Monitor 2 saved to debug_screenshots\dota2_monitor_capture_20250608-153424.png
2025-06-08 15:34:25,207 - INFO - Similarity with dota.png: 0.38, with print.png: 0.38
2025-06-08 15:34:26,290 - INFO - Screenshot of Monitor 2 saved to debug_screenshots\dota2_monitor_capture_20250608-153426.png
2025-06-08 15:34:26,875 - INFO - Similarity with dota.png: 0.38, with print.png: 0.38
2025-06-08 15:34:27,957 - INFO - Screenshot of Monitor 2 saved to debug_screenshots\dota2_monitor_capture_20250608-153427.png
2025-06-08 15:34:28,664 - INFO - Similarity with dota.png: 0.38, with print.png: 0.38
2025-06-08 15:34:29,740 - INFO - Screenshot of Monitor 2 saved to debug_screenshots\dota2_monitor_capture_20250608-153429.png
2025-06-08 15:34:30,334 - INFO - Similarity with dota.png: 0.38, with print.png: 0.38
2025-06-08 15:34:31,424 - INFO - Screenshot of Monitor 2 saved to debug_screenshots\dota2_monitor_capture_20250608-153431.png
2025-06-08 15:34:32,077 - INFO - Similarity with dota.png: 0.38, with print.png: 0.38
2025-06-08 15:34:33,181 - INFO - Screenshot of Monitor 2 saved to debug_screenshots\dota2_monitor_capture_20250608-153433.png
2025-06-08 15:34:33,788 - INFO - Similarity with dota.png: 0.38, with print.png: 0.38
2025-06-08 15:34:34,897 - INFO - Screenshot of Monitor 2 saved to debug_screenshots\dota2_monitor_capture_20250608-153434.png
2025-06-08 15:34:35,652 - INFO - Similarity with dota.png: 0.38, with print.png: 0.38
2025-06-08 15:34:36,735 - INFO - Screenshot of Monitor 2 saved to debug_screenshots\dota2_monitor_capture_20250608-153436.png
2025-06-08 15:34:37,322 - INFO - Similarity with dota.png: 0.38, with print.png: 0.38
2025-06-08 15:34:38,405 - INFO - Screenshot of Monitor 2 saved to debug_screenshots\dota2_monitor_capture_20250608-153438.png
2025-06-08 15:34:39,021 - INFO - Similarity with dota.png: 0.38, with print.png: 0.38
2025-06-08 15:34:40,134 - INFO - Screenshot of Monitor 2 saved to debug_screenshots\dota2_monitor_capture_20250608-153440.png
2025-06-08 15:34:40,768 - INFO - Similarity with dota.png: 0.38, with print.png: 0.38
2025-06-08 15:34:41,850 - INFO - Screenshot of Monitor 2 saved to debug_screenshots\dota2_monitor_capture_20250608-153441.png
2025-06-08 15:34:42,428 - INFO - Similarity with dota.png: 0.38, with print.png: 0.38
2025-06-08 15:34:43,550 - INFO - Screenshot of Monitor 2 saved to debug_screenshots\dota2_monitor_capture_20250608-153443.png
2025-06-08 15:34:44,307 - INFO - Similarity with dota.png: 0.38, with print.png: 0.38
2025-06-08 15:34:45,399 - INFO - Screenshot of Monitor 2 saved to debug_screenshots\dota2_monitor_capture_20250608-153445.png
2025-06-08 15:34:46,079 - INFO - Similarity with dota.png: 0.38, with print.png: 0.38
2025-06-08 15:34:47,163 - INFO - Screenshot of Monitor 2 saved to debug_screenshots\dota2_monitor_capture_20250608-153447.png
2025-06-08 15:34:47,841 - INFO - Similarity with dota.png: 0.38, with print.png: 0.38
2025-06-08 15:34:48,938 - INFO - Screenshot of Monitor 2 saved to debug_screenshots\dota2_monitor_capture_20250608-153448.png
2025-06-08 15:34:49,579 - INFO - Similarity with dota.png: 0.38, with print.png: 0.38
2025-06-08 15:34:50,665 - INFO - Screenshot of Monitor 2 saved to debug_screenshots\dota2_monitor_capture_20250608-153450.png
2025-06-08 15:34:51,293 - INFO - Similarity with dota.png: 0.38, with print.png: 0.38
2025-06-08 15:34:52,395 - INFO - Screenshot of Monitor 2 saved to debug_screenshots\dota2_monitor_capture_20250608-153452.png
2025-06-08 15:34:53,031 - INFO - Similarity with dota.png: 0.38, with print.png: 0.38
2025-06-08 15:34:54,151 - INFO - Screenshot of Monitor 2 saved to debug_screenshots\dota2_monitor_capture_20250608-153454.png
2025-06-08 15:34:54,889 - INFO - Similarity with dota.png: 0.38, with print.png: 0.38
2025-06-08 15:34:55,979 - INFO - Screenshot of Monitor 2 saved to debug_screenshots\dota2_monitor_capture_20250608-153455.png
2025-06-08 15:34:56,623 - INFO - Similarity with dota.png: 0.38, with print.png: 0.38
2025-06-08 15:34:57,712 - INFO - Screenshot of Monitor 2 saved to debug_screenshots\dota2_monitor_capture_20250608-153457.png
2025-06-08 15:34:58,352 - INFO - Similarity with dota.png: 0.38, with print.png: 0.38
2025-06-08 15:34:59,472 - INFO - Screenshot of Monitor 2 saved to debug_screenshots\dota2_monitor_capture_20250608-153459.png
2025-06-08 15:35:00,130 - INFO - Similarity with dota.png: 0.38, with print.png: 0.38
2025-06-08 15:35:01,213 - INFO - Screenshot of Monitor 2 saved to debug_screenshots\dota2_monitor_capture_20250608-153501.png
2025-06-08 15:35:01,841 - INFO - Similarity with dota.png: 0.38, with print.png: 0.38
2025-06-08 15:35:02,918 - INFO - Screenshot of Monitor 2 saved to debug_screenshots\dota2_monitor_capture_20250608-153502.png
2025-06-08 15:35:03,550 - INFO - Similarity with dota.png: 0.38, with print.png: 0.38
2025-06-08 15:35:04,635 - INFO - Screenshot of Monitor 2 saved to debug_screenshots\dota2_monitor_capture_20250608-153504.png
2025-06-08 15:35:05,202 - INFO - Similarity with dota.png: 0.38, with print.png: 0.38
2025-06-08 15:35:06,287 - INFO - Screenshot of Monitor 2 saved to debug_screenshots\dota2_monitor_capture_20250608-153506.png
2025-06-08 15:35:06,930 - INFO - Similarity with dota.png: 0.38, with print.png: 0.38
2025-06-08 15:35:08,018 - INFO - Screenshot of Monitor 2 saved to debug_screenshots\dota2_monitor_capture_20250608-153507.png
2025-06-08 15:35:08,593 - INFO - Similarity with dota.png: 0.38, with print.png: 0.38
2025-06-08 15:35:09,674 - INFO - Screenshot of Monitor 2 saved to debug_screenshots\dota2_monitor_capture_20250608-153509.png
2025-06-08 15:35:10,437 - INFO - Similarity with dota.png: 0.38, with print.png: 0.38
2025-06-08 15:35:11,538 - INFO - Screenshot of Monitor 2 saved to debug_screenshots\dota2_monitor_capture_20250608-153511.png
2025-06-08 15:35:12,162 - INFO - Similarity with dota.png: 0.38, with print.png: 0.38
2025-06-08 15:35:13,238 - INFO - Screenshot of Monitor 2 saved to debug_screenshots\dota2_monitor_capture_20250608-153513.png
2025-06-08 15:35:13,799 - INFO - Similarity with dota.png: 0.38, with print.png: 0.38
2025-06-08 15:35:14,876 - INFO - Screenshot of Monitor 2 saved to debug_screenshots\dota2_monitor_capture_20250608-153514.png
2025-06-08 15:35:15,425 - INFO - Similarity with dota.png: 0.38, with print.png: 0.38
2025-06-08 15:35:16,517 - INFO - Screenshot of Monitor 2 saved to debug_screenshots\dota2_monitor_capture_20250608-153516.png
2025-06-08 15:35:17,210 - INFO - Similarity with dota.png: 0.38, with print.png: 0.38
2025-06-08 15:35:18,313 - INFO - Screenshot of Monitor 2 saved to debug_screenshots\dota2_monitor_capture_20250608-153518.png
2025-06-08 15:35:18,977 - INFO - Similarity with dota.png: 0.38, with print.png: 0.38
2025-06-08 15:35:20,065 - INFO - Screenshot of Monitor 2 saved to debug_screenshots\dota2_monitor_capture_20250608-153519.png
2025-06-08 15:35:20,651 - INFO - Similarity with dota.png: 0.38, with print.png: 0.38
2025-06-08 15:35:21,723 - INFO - Screenshot of Monitor 2 saved to debug_screenshots\dota2_monitor_capture_20250608-153521.png
2025-06-08 15:35:22,438 - INFO - Similarity with dota.png: 0.38, with print.png: 0.38
2025-06-08 15:35:23,526 - INFO - Screenshot of Monitor 2 saved to debug_screenshots\dota2_monitor_capture_20250608-153523.png
2025-06-08 15:35:24,086 - INFO - Similarity with dota.png: 0.38, with print.png: 0.38
2025-06-08 15:35:25,159 - INFO - Screenshot of Monitor 2 saved to debug_screenshots\dota2_monitor_capture_20250608-153525.png
2025-06-08 15:35:25,700 - INFO - Similarity with dota.png: 0.38, with print.png: 0.38
2025-06-08 15:35:26,815 - INFO - Screenshot of Monitor 2 saved to debug_screenshots\dota2_monitor_capture_20250608-153526.png
2025-06-08 15:35:27,564 - INFO - Similarity with dota.png: 0.38, with print.png: 0.38
2025-06-08 15:35:28,639 - INFO - Screenshot of Monitor 2 saved to debug_screenshots\dota2_monitor_capture_20250608-153528.png
2025-06-08 15:35:29,245 - INFO - Similarity with dota.png: 0.38, with print.png: 0.38
2025-06-08 15:35:30,328 - INFO - Screenshot of Monitor 2 saved to debug_screenshots\dota2_monitor_capture_20250608-153530.png
2025-06-08 15:35:30,967 - INFO - Similarity with dota.png: 0.38, with print.png: 0.38
2025-06-08 15:35:32,060 - INFO - Screenshot of Monitor 2 saved to debug_screenshots\dota2_monitor_capture_20250608-153531.png
2025-06-08 15:35:32,760 - INFO - Similarity with dota.png: 0.38, with print.png: 0.38
2025-06-08 15:35:33,834 - INFO - Screenshot of Monitor 2 saved to debug_screenshots\dota2_monitor_capture_20250608-153533.png
2025-06-08 15:35:34,377 - INFO - Similarity with dota.png: 0.38, with print.png: 0.38
2025-06-08 15:35:35,474 - INFO - Screenshot of Monitor 2 saved to debug_screenshots\dota2_monitor_capture_20250608-153535.png
2025-06-08 15:35:36,136 - INFO - Similarity with dota.png: 0.38, with print.png: 0.38
2025-06-08 15:35:37,218 - INFO - Screenshot of Monitor 2 saved to debug_screenshots\dota2_monitor_capture_20250608-153537.png
2025-06-08 15:35:37,767 - INFO - Similarity with dota.png: 0.38, with print.png: 0.38
2025-06-08 15:35:38,850 - INFO - Screenshot of Monitor 2 saved to debug_screenshots\dota2_monitor_capture_20250608-153538.png
2025-06-08 15:35:39,419 - INFO - Similarity with dota.png: 0.38, with print.png: 0.38
2025-06-08 15:35:40,516 - INFO - Screenshot of Monitor 2 saved to debug_screenshots\dota2_monitor_capture_20250608-153540.png
2025-06-08 15:35:41,119 - INFO - Similarity with dota.png: 0.38, with print.png: 0.38
2025-06-08 15:35:42,202 - INFO - Screenshot of Monitor 2 saved to debug_screenshots\dota2_monitor_capture_20250608-153542.png
2025-06-08 15:35:42,937 - INFO - Similarity with dota.png: 0.38, with print.png: 0.38
2025-06-08 15:35:44,063 - INFO - Screenshot of Monitor 2 saved to debug_screenshots\dota2_monitor_capture_20250608-153543.png
2025-06-08 15:35:44,774 - INFO - Similarity with dota.png: 0.38, with print.png: 0.38
2025-06-08 15:35:45,855 - INFO - Screenshot of Monitor 2 saved to debug_screenshots\dota2_monitor_capture_20250608-153545.png
2025-06-08 15:35:46,431 - INFO - Similarity with dota.png: 0.38, with print.png: 0.38
2025-06-08 15:35:47,507 - INFO - Screenshot of Monitor 2 saved to debug_screenshots\dota2_monitor_capture_20250608-153547.png
2025-06-08 15:35:48,171 - INFO - Similarity with dota.png: 0.38, with print.png: 0.38
2025-06-08 15:35:49,255 - INFO - Screenshot of Monitor 2 saved to debug_screenshots\dota2_monitor_capture_20250608-153549.png
2025-06-08 15:35:49,891 - INFO - Similarity with dota.png: 0.38, with print.png: 0.38
2025-06-08 15:35:51,028 - INFO - Screenshot of Monitor 2 saved to debug_screenshots\dota2_monitor_capture_20250608-153550.png
2025-06-08 15:35:51,842 - INFO - Similarity with dota.png: 0.38, with print.png: 0.38
2025-06-08 15:35:52,936 - INFO - Screenshot of Monitor 2 saved to debug_screenshots\dota2_monitor_capture_20250608-153552.png
2025-06-08 15:35:53,547 - INFO - Similarity with dota.png: 0.38, with print.png: 0.38
2025-06-08 15:35:54,632 - INFO - Screenshot of Monitor 2 saved to debug_screenshots\dota2_monitor_capture_20250608-153554.png
2025-06-08 15:35:55,509 - INFO - Similarity with dota.png: 0.38, with print.png: 0.38
2025-06-08 15:35:56,606 - INFO - Screenshot of Monitor 2 saved to debug_screenshots\dota2_monitor_capture_20250608-153556.png
2025-06-08 15:35:57,269 - INFO - Similarity with dota.png: 0.38, with print.png: 0.38
2025-06-08 15:35:58,347 - INFO - Screenshot of Monitor 2 saved to debug_screenshots\dota2_monitor_capture_20250608-153558.png
2025-06-08 15:35:58,963 - INFO - Similarity with dota.png: 0.38, with print.png: 0.38
2025-06-08 15:36:00,061 - INFO - Screenshot of Monitor 2 saved to debug_screenshots\dota2_monitor_capture_20250608-153559.png
2025-06-08 15:36:00,736 - INFO - Similarity with dota.png: 0.38, with print.png: 0.38
2025-06-08 15:36:01,818 - INFO - Screenshot of Monitor 2 saved to debug_screenshots\dota2_monitor_capture_20250608-153601.png
2025-06-08 15:36:02,389 - INFO - Similarity with dota.png: 0.38, with print.png: 0.38
2025-06-08 15:36:03,478 - INFO - Screenshot of Monitor 2 saved to debug_screenshots\dota2_monitor_capture_20250608-153603.png
2025-06-08 15:36:04,062 - INFO - Similarity with dota.png: 0.38, with print.png: 0.38
2025-06-08 15:36:05,146 - INFO - Screenshot of Monitor 2 saved to debug_screenshots\dota2_monitor_capture_20250608-153605.png
